        -:    0:Source:c:/mingw/include/c++/9.2.0/ext/new_allocator.h
        -:    0:Graph:C:\Users\polly\CLionProjects\formal_lang\cmake-build-debug-coverage\_deps\googletest-build\googletest\CMakeFiles\gtest.dir\src\gtest-all.cc.gcno
        -:    0:Data:C:\Users\polly\CLionProjects\formal_lang\cmake-build-debug-coverage\_deps\googletest-build\googletest\CMakeFiles\gtest.dir\src\gtest-all.cc.gcda
        -:    0:Runs:1
        -:    1:// Allocator that wraps operator new -*- C++ -*-
        -:    2:
        -:    3:// Copyright (C) 2001-2019 Free Software Foundation, Inc.
        -:    4://
        -:    5:// This file is part of the GNU ISO C++ Library.  This library is free
        -:    6:// software; you can redistribute it and/or modify it under the
        -:    7:// terms of the GNU General Public License as published by the
        -:    8:// Free Software Foundation; either version 3, or (at your option)
        -:    9:// any later version.
        -:   10:
        -:   11:// This library is distributed in the hope that it will be useful,
        -:   12:// but WITHOUT ANY WARRANTY; without even the implied warranty of
        -:   13:// MERCHANTABILITY or FITNESS FOR A PARTICULAR PURPOSE.  See the
        -:   14:// GNU General Public License for more details.
        -:   15:
        -:   16:// Under Section 7 of GPL version 3, you are granted additional
        -:   17:// permissions described in the GCC Runtime Library Exception, version
        -:   18:// 3.1, as published by the Free Software Foundation.
        -:   19:
        -:   20:// You should have received a copy of the GNU General Public License and
        -:   21:// a copy of the GCC Runtime Library Exception along with this program;
        -:   22:// see the files COPYING3 and COPYING.RUNTIME respectively.  If not, see
        -:   23:// <http://www.gnu.org/licenses/>.
        -:   24:
        -:   25:/** @file ext/new_allocator.h
        -:   26: *  This file is a GNU extension to the Standard C++ Library.
        -:   27: */
        -:   28:
        -:   29:#ifndef _NEW_ALLOCATOR_H
        -:   30:#define _NEW_ALLOCATOR_H 1
        -:   31:
        -:   32:#include <bits/c++config.h>
        -:   33:#include <new>
        -:   34:#include <bits/functexcept.h>
        -:   35:#include <bits/move.h>
        -:   36:#if __cplusplus >= 201103L
        -:   37:#include <type_traits>
        -:   38:#endif
        -:   39:
        -:   40:namespace __gnu_cxx _GLIBCXX_VISIBILITY(default)
        -:   41:{
        -:   42:_GLIBCXX_BEGIN_NAMESPACE_VERSION
        -:   43:
        -:   44:  using std::size_t;
        -:   45:  using std::ptrdiff_t;
        -:   46:
        -:   47:  /**
        -:   48:   *  @brief  An allocator that uses global new, as per [20.4].
        -:   49:   *  @ingroup allocators
        -:   50:   *
        -:   51:   *  This is precisely the allocator defined in the C++ Standard.
        -:   52:   *    - all allocation calls operator new
        -:   53:   *    - all deallocation calls operator delete
        -:   54:   *
        -:   55:   *  @tparam  _Tp  Type of allocated object.
        -:   56:   */
        -:   57:  template<typename _Tp>
        -:   58:    class new_allocator
        -:   59:    {
        -:   60:    public:
        -:   61:      typedef size_t     size_type;
        -:   62:      typedef ptrdiff_t  difference_type;
        -:   63:      typedef _Tp*       pointer;
        -:   64:      typedef const _Tp* const_pointer;
        -:   65:      typedef _Tp&       reference;
        -:   66:      typedef const _Tp& const_reference;
        -:   67:      typedef _Tp        value_type;
        -:   68:
        -:   69:      template<typename _Tp1>
        -:   70:	struct rebind
        -:   71:	{ typedef new_allocator<_Tp1> other; };
        -:   72:
        -:   73:#if __cplusplus >= 201103L
        -:   74:      // _GLIBCXX_RESOLVE_LIB_DEFECTS
        -:   75:      // 2103. propagate_on_container_move_assignment
        -:   76:      typedef std::true_type propagate_on_container_move_assignment;
        -:   77:#endif
        -:   78:
        -:   79:      _GLIBCXX20_CONSTEXPR
      48*:   80:      new_allocator() _GLIBCXX_USE_NOEXCEPT { }
------------------
_ZN9__gnu_cxx13new_allocatorISt13_Rb_tree_nodeISt4pairIKmSt3mapIPKN7testing8internal15ThreadLocalBaseESt10shared_ptrINS6_26ThreadLocalValueHolderBaseEESt4lessIS9_ESaIS2_IKS9_SC_EEEEEEC2Ev:
function _ZN9__gnu_cxx13new_allocatorISt13_Rb_tree_nodeISt4pairIKmSt3mapIPKN7testing8internal15ThreadLocalBaseESt10shared_ptrINS6_26ThreadLocalValueHolderBaseEESt4lessIS9_ESaIS2_IKS9_SC_EEEEEEC2Ev called 0 returned 0% blocks executed 0%
    #####:   80:      new_allocator() _GLIBCXX_USE_NOEXCEPT { }
------------------
_ZN9__gnu_cxx13new_allocatorIcEC2Ev:
function _ZN9__gnu_cxx13new_allocatorIcEC2Ev called 0 returned 0% blocks executed 0%
    #####:   80:      new_allocator() _GLIBCXX_USE_NOEXCEPT { }
------------------
_ZN9__gnu_cxx13new_allocatorIwEC2Ev:
function _ZN9__gnu_cxx13new_allocatorIwEC2Ev called 0 returned 0% blocks executed 0%
    #####:   80:      new_allocator() _GLIBCXX_USE_NOEXCEPT { }
------------------
_ZN9__gnu_cxx13new_allocatorINSt7__cxx1112basic_stringIcSt11char_traitsIcESaIcEEEEC2Ev:
function _ZN9__gnu_cxx13new_allocatorINSt7__cxx1112basic_stringIcSt11char_traitsIcESaIcEEEEC2Ev called 14 returned 100% blocks executed 100%
       14:   80:      new_allocator() _GLIBCXX_USE_NOEXCEPT { }
------------------
_ZN9__gnu_cxx13new_allocatorINSt8__detail10_Hash_nodeINSt7__cxx1112basic_stringIcSt11char_traitsIcESaIcEEELb1EEEEC2Ev:
function _ZN9__gnu_cxx13new_allocatorINSt8__detail10_Hash_nodeINSt7__cxx1112basic_stringIcSt11char_traitsIcESaIcEEELb1EEEEC2Ev called 5 returned 100% blocks executed 100%
        5:   80:      new_allocator() _GLIBCXX_USE_NOEXCEPT { }
------------------
_ZN9__gnu_cxx13new_allocatorIdEC2Ev:
function _ZN9__gnu_cxx13new_allocatorIdEC2Ev called 0 returned 0% blocks executed 0%
    #####:   80:      new_allocator() _GLIBCXX_USE_NOEXCEPT { }
------------------
_ZN9__gnu_cxx13new_allocatorISt6vectorIdSaIdEEEC2Ev:
function _ZN9__gnu_cxx13new_allocatorISt6vectorIdSaIdEEEC2Ev called 0 returned 0% blocks executed 0%
    #####:   80:      new_allocator() _GLIBCXX_USE_NOEXCEPT { }
------------------
_ZN9__gnu_cxx13new_allocatorIN7testing8internal13edit_distance8EditTypeEEC2Ev:
function _ZN9__gnu_cxx13new_allocatorIN7testing8internal13edit_distance8EditTypeEEC2Ev called 0 returned 0% blocks executed 0%
    #####:   80:      new_allocator() _GLIBCXX_USE_NOEXCEPT { }
------------------
_ZN9__gnu_cxx13new_allocatorISt6vectorIN7testing8internal13edit_distance8EditTypeESaIS5_EEEC2Ev:
function _ZN9__gnu_cxx13new_allocatorISt6vectorIN7testing8internal13edit_distance8EditTypeESaIS5_EEEC2Ev called 0 returned 0% blocks executed 0%
    #####:   80:      new_allocator() _GLIBCXX_USE_NOEXCEPT { }
------------------
_ZN9__gnu_cxx13new_allocatorIN7testing14TestPartResultEEC2Ev:
function _ZN9__gnu_cxx13new_allocatorIN7testing14TestPartResultEEC2Ev called 11 returned 100% blocks executed 100%
       11:   80:      new_allocator() _GLIBCXX_USE_NOEXCEPT { }
------------------
_ZN9__gnu_cxx13new_allocatorIPN7testing8internal30ParameterizedTestSuiteInfoBaseEEC2Ev:
function _ZN9__gnu_cxx13new_allocatorIPN7testing8internal30ParameterizedTestSuiteInfoBaseEEC2Ev called 1 returned 100% blocks executed 100%
        1:   80:      new_allocator() _GLIBCXX_USE_NOEXCEPT { }
------------------
_ZN9__gnu_cxx13new_allocatorISt13_Rb_tree_nodeISt4pairIKPKN7testing8internal15ThreadLocalBaseESt10shared_ptrINS4_26ThreadLocalValueHolderBaseEEEEEC2Ev:
function _ZN9__gnu_cxx13new_allocatorISt13_Rb_tree_nodeISt4pairIKPKN7testing8internal15ThreadLocalBaseESt10shared_ptrINS4_26ThreadLocalValueHolderBaseEEEEEC2Ev called 0 returned 0% blocks executed 0%
    #####:   80:      new_allocator() _GLIBCXX_USE_NOEXCEPT { }
------------------
_ZN9__gnu_cxx13new_allocatorISt10shared_ptrIN7testing8internal26ThreadLocalValueHolderBaseEEEC2Ev:
function _ZN9__gnu_cxx13new_allocatorISt10shared_ptrIN7testing8internal26ThreadLocalValueHolderBaseEEEC2Ev called 0 returned 0% blocks executed 0%
    #####:   80:      new_allocator() _GLIBCXX_USE_NOEXCEPT { }
------------------
_ZN9__gnu_cxx13new_allocatorIN7testing8internal9TraceInfoEEC2Ev:
function _ZN9__gnu_cxx13new_allocatorIN7testing8internal9TraceInfoEEC2Ev called 0 returned 0% blocks executed 0%
    #####:   80:      new_allocator() _GLIBCXX_USE_NOEXCEPT { }
------------------
_ZN9__gnu_cxx13new_allocatorISt13_Rb_tree_nodeINSt7__cxx1112basic_stringIcSt11char_traitsIcESaIcEEEEEC2Ev:
function _ZN9__gnu_cxx13new_allocatorISt13_Rb_tree_nodeINSt7__cxx1112basic_stringIcSt11char_traitsIcESaIcEEEEEC2Ev called 1 returned 100% blocks executed 100%
        1:   80:      new_allocator() _GLIBCXX_USE_NOEXCEPT { }
------------------
_ZN9__gnu_cxx13new_allocatorIyEC2Ev:
function _ZN9__gnu_cxx13new_allocatorIyEC2Ev called 0 returned 0% blocks executed 0%
    #####:   80:      new_allocator() _GLIBCXX_USE_NOEXCEPT { }
------------------
_ZN9__gnu_cxx13new_allocatorISt13_Rb_tree_nodeISt4pairIKNSt7__cxx1112basic_stringIcSt11char_traitsIcESaIcEEEyEEEC2Ev:
function _ZN9__gnu_cxx13new_allocatorISt13_Rb_tree_nodeISt4pairIKNSt7__cxx1112basic_stringIcSt11char_traitsIcESaIcEEEyEEEC2Ev called 0 returned 0% blocks executed 0%
    #####:   80:      new_allocator() _GLIBCXX_USE_NOEXCEPT { }
------------------
_ZN9__gnu_cxx13new_allocatorISt10_List_nodeISt4pairIcPKcEEEC2Ev:
function _ZN9__gnu_cxx13new_allocatorISt10_List_nodeISt4pairIcPKcEEEC2Ev called 0 returned 0% blocks executed 0%
    #####:   80:      new_allocator() _GLIBCXX_USE_NOEXCEPT { }
------------------
_ZN9__gnu_cxx13new_allocatorIN7testing12TestPropertyEEC2Ev:
function _ZN9__gnu_cxx13new_allocatorIN7testing12TestPropertyEEC2Ev called 11 returned 100% blocks executed 100%
       11:   80:      new_allocator() _GLIBCXX_USE_NOEXCEPT { }
------------------
_ZN9__gnu_cxx13new_allocatorIPN7testing8TestInfoEEC2Ev:
function _ZN9__gnu_cxx13new_allocatorIPN7testing8TestInfoEEC2Ev called 1 returned 100% blocks executed 100%
        1:   80:      new_allocator() _GLIBCXX_USE_NOEXCEPT { }
------------------
_ZN9__gnu_cxx13new_allocatorIiEC2Ev:
function _ZN9__gnu_cxx13new_allocatorIiEC2Ev called 0 returned 0% blocks executed 0%
    #####:   80:      new_allocator() _GLIBCXX_USE_NOEXCEPT { }
------------------
_ZN9__gnu_cxx13new_allocatorIPN7testing17TestEventListenerEEC2Ev:
function _ZN9__gnu_cxx13new_allocatorIPN7testing17TestEventListenerEEC2Ev called 1 returned 100% blocks executed 100%
        1:   80:      new_allocator() _GLIBCXX_USE_NOEXCEPT { }
------------------
_ZN9__gnu_cxx13new_allocatorIPN7testing11EnvironmentEEC2Ev:
function _ZN9__gnu_cxx13new_allocatorIPN7testing11EnvironmentEEC2Ev called 1 returned 100% blocks executed 100%
        1:   80:      new_allocator() _GLIBCXX_USE_NOEXCEPT { }
------------------
_ZN9__gnu_cxx13new_allocatorIPN7testing9TestSuiteEEC2Ev:
function _ZN9__gnu_cxx13new_allocatorIPN7testing9TestSuiteEEC2Ev called 1 returned 100% blocks executed 100%
        1:   80:      new_allocator() _GLIBCXX_USE_NOEXCEPT { }
------------------
_ZN9__gnu_cxx13new_allocatorISt13_Rb_tree_nodeISt4pairIKNSt7__cxx1112basic_stringIcSt11char_traitsIcESaIcEEEN7testing8internal34TypeParameterizedTestSuiteRegistry30TypeParameterizedTestSuiteInfoEEEEC2Ev:
function _ZN9__gnu_cxx13new_allocatorISt13_Rb_tree_nodeISt4pairIKNSt7__cxx1112basic_stringIcSt11char_traitsIcESaIcEEEN7testing8internal34TypeParameterizedTestSuiteRegistry30TypeParameterizedTestSuiteInfoEEEEC2Ev called 1 returned 100% blocks executed 100%
        1:   80:      new_allocator() _GLIBCXX_USE_NOEXCEPT { }
------------------
_ZN9__gnu_cxx13new_allocatorIPNSt8__detail15_Hash_node_baseEEC2Ev:
function _ZN9__gnu_cxx13new_allocatorIPNSt8__detail15_Hash_node_baseEEC2Ev called 0 returned 0% blocks executed 0%
    #####:   80:      new_allocator() _GLIBCXX_USE_NOEXCEPT { }
------------------
        -:   81:
        -:   82:      _GLIBCXX20_CONSTEXPR
       6*:   83:      new_allocator(const new_allocator&) _GLIBCXX_USE_NOEXCEPT { }
------------------
_ZN9__gnu_cxx13new_allocatorISt6vectorIN7testing8internal13edit_distance8EditTypeESaIS5_EEEC2ERKS8_:
function _ZN9__gnu_cxx13new_allocatorISt6vectorIN7testing8internal13edit_distance8EditTypeESaIS5_EEEC2ERKS8_ called 0 returned 0% blocks executed 0%
    #####:   83:      new_allocator(const new_allocator&) _GLIBCXX_USE_NOEXCEPT { }
------------------
_ZN9__gnu_cxx13new_allocatorISt6vectorIdSaIdEEEC2ERKS4_:
function _ZN9__gnu_cxx13new_allocatorISt6vectorIdSaIdEEEC2ERKS4_ called 0 returned 0% blocks executed 0%
    #####:   83:      new_allocator(const new_allocator&) _GLIBCXX_USE_NOEXCEPT { }
------------------
_ZN9__gnu_cxx13new_allocatorIdEC2ERKS1_:
function _ZN9__gnu_cxx13new_allocatorIdEC2ERKS1_ called 0 returned 0% blocks executed 0%
    #####:   83:      new_allocator(const new_allocator&) _GLIBCXX_USE_NOEXCEPT { }
------------------
_ZN9__gnu_cxx13new_allocatorISt13_Rb_tree_nodeISt4pairIKPKN7testing8internal15ThreadLocalBaseESt10shared_ptrINS4_26ThreadLocalValueHolderBaseEEEEEC2ERKSE_:
function _ZN9__gnu_cxx13new_allocatorISt13_Rb_tree_nodeISt4pairIKPKN7testing8internal15ThreadLocalBaseESt10shared_ptrINS4_26ThreadLocalValueHolderBaseEEEEEC2ERKSE_ called 0 returned 0% blocks executed 0%
    #####:   83:      new_allocator(const new_allocator&) _GLIBCXX_USE_NOEXCEPT { }
------------------
_ZN9__gnu_cxx13new_allocatorIN7testing8internal13edit_distance8EditTypeEEC2ERKS5_:
function _ZN9__gnu_cxx13new_allocatorIN7testing8internal13edit_distance8EditTypeEEC2ERKS5_ called 0 returned 0% blocks executed 0%
    #####:   83:      new_allocator(const new_allocator&) _GLIBCXX_USE_NOEXCEPT { }
------------------
_ZN9__gnu_cxx13new_allocatorINSt7__cxx1112basic_stringIcSt11char_traitsIcESaIcEEEEC2ERKS7_:
function _ZN9__gnu_cxx13new_allocatorINSt7__cxx1112basic_stringIcSt11char_traitsIcESaIcEEEEC2ERKS7_ called 6 returned 100% blocks executed 100%
        6:   83:      new_allocator(const new_allocator&) _GLIBCXX_USE_NOEXCEPT { }
------------------
_ZN9__gnu_cxx13new_allocatorIcEC2ERKS1_:
function _ZN9__gnu_cxx13new_allocatorIcEC2ERKS1_ called 0 returned 0% blocks executed 0%
    #####:   83:      new_allocator(const new_allocator&) _GLIBCXX_USE_NOEXCEPT { }
------------------
        -:   84:
        -:   85:      template<typename _Tp1>
        -:   86:	_GLIBCXX20_CONSTEXPR
        -:   87:	new_allocator(const new_allocator<_Tp1>&) _GLIBCXX_USE_NOEXCEPT { }
        -:   88:
      24*:   89:      ~new_allocator() _GLIBCXX_USE_NOEXCEPT { }
------------------
_ZN9__gnu_cxx13new_allocatorISt6vectorIN7testing8internal13edit_distance8EditTypeESaIS5_EEED2Ev:
function _ZN9__gnu_cxx13new_allocatorISt6vectorIN7testing8internal13edit_distance8EditTypeESaIS5_EEED2Ev called 0 returned 0% blocks executed 0%
    #####:   89:      ~new_allocator() _GLIBCXX_USE_NOEXCEPT { }
------------------
_ZN9__gnu_cxx13new_allocatorIcED2Ev:
function _ZN9__gnu_cxx13new_allocatorIcED2Ev called 0 returned 0% blocks executed 0%
    #####:   89:      ~new_allocator() _GLIBCXX_USE_NOEXCEPT { }
------------------
_ZN9__gnu_cxx13new_allocatorIwED2Ev:
function _ZN9__gnu_cxx13new_allocatorIwED2Ev called 0 returned 0% blocks executed 0%
    #####:   89:      ~new_allocator() _GLIBCXX_USE_NOEXCEPT { }
------------------
_ZN9__gnu_cxx13new_allocatorIN7testing14TestPartResultEED2Ev:
function _ZN9__gnu_cxx13new_allocatorIN7testing14TestPartResultEED2Ev called 0 returned 0% blocks executed 0%
    #####:   89:      ~new_allocator() _GLIBCXX_USE_NOEXCEPT { }
------------------
_ZN9__gnu_cxx13new_allocatorIPN7testing8internal30ParameterizedTestSuiteInfoBaseEED2Ev:
function _ZN9__gnu_cxx13new_allocatorIPN7testing8internal30ParameterizedTestSuiteInfoBaseEED2Ev called 0 returned 0% blocks executed 0%
    #####:   89:      ~new_allocator() _GLIBCXX_USE_NOEXCEPT { }
------------------
_ZN9__gnu_cxx13new_allocatorINSt7__cxx1112basic_stringIcSt11char_traitsIcESaIcEEEED2Ev:
function _ZN9__gnu_cxx13new_allocatorINSt7__cxx1112basic_stringIcSt11char_traitsIcESaIcEEEED2Ev called 19 returned 100% blocks executed 100%
       19:   89:      ~new_allocator() _GLIBCXX_USE_NOEXCEPT { }
------------------
_ZN9__gnu_cxx13new_allocatorISt13_Rb_tree_nodeISt4pairIKPKN7testing8internal15ThreadLocalBaseESt10shared_ptrINS4_26ThreadLocalValueHolderBaseEEEEED2Ev:
function _ZN9__gnu_cxx13new_allocatorISt13_Rb_tree_nodeISt4pairIKPKN7testing8internal15ThreadLocalBaseESt10shared_ptrINS4_26ThreadLocalValueHolderBaseEEEEED2Ev called 0 returned 0% blocks executed 0%
    #####:   89:      ~new_allocator() _GLIBCXX_USE_NOEXCEPT { }
------------------
_ZN9__gnu_cxx13new_allocatorISt10shared_ptrIN7testing8internal26ThreadLocalValueHolderBaseEEED2Ev:
function _ZN9__gnu_cxx13new_allocatorISt10shared_ptrIN7testing8internal26ThreadLocalValueHolderBaseEEED2Ev called 0 returned 0% blocks executed 0%
    #####:   89:      ~new_allocator() _GLIBCXX_USE_NOEXCEPT { }
------------------
_ZN9__gnu_cxx13new_allocatorISt13_Rb_tree_nodeINSt7__cxx1112basic_stringIcSt11char_traitsIcESaIcEEEEED2Ev:
function _ZN9__gnu_cxx13new_allocatorISt13_Rb_tree_nodeINSt7__cxx1112basic_stringIcSt11char_traitsIcESaIcEEEEED2Ev called 0 returned 0% blocks executed 0%
    #####:   89:      ~new_allocator() _GLIBCXX_USE_NOEXCEPT { }
------------------
_ZN9__gnu_cxx13new_allocatorINSt8__detail10_Hash_nodeINSt7__cxx1112basic_stringIcSt11char_traitsIcESaIcEEELb1EEEED2Ev:
function _ZN9__gnu_cxx13new_allocatorINSt8__detail10_Hash_nodeINSt7__cxx1112basic_stringIcSt11char_traitsIcESaIcEEELb1EEEED2Ev called 5 returned 100% blocks executed 100%
        5:   89:      ~new_allocator() _GLIBCXX_USE_NOEXCEPT { }
------------------
_ZN9__gnu_cxx13new_allocatorIdED2Ev:
function _ZN9__gnu_cxx13new_allocatorIdED2Ev called 0 returned 0% blocks executed 0%
    #####:   89:      ~new_allocator() _GLIBCXX_USE_NOEXCEPT { }
------------------
_ZN9__gnu_cxx13new_allocatorISt6vectorIdSaIdEEED2Ev:
function _ZN9__gnu_cxx13new_allocatorISt6vectorIdSaIdEEED2Ev called 0 returned 0% blocks executed 0%
    #####:   89:      ~new_allocator() _GLIBCXX_USE_NOEXCEPT { }
------------------
_ZN9__gnu_cxx13new_allocatorIN7testing8internal13edit_distance8EditTypeEED2Ev:
function _ZN9__gnu_cxx13new_allocatorIN7testing8internal13edit_distance8EditTypeEED2Ev called 0 returned 0% blocks executed 0%
    #####:   89:      ~new_allocator() _GLIBCXX_USE_NOEXCEPT { }
------------------
_ZN9__gnu_cxx13new_allocatorIN7testing8internal9TraceInfoEED2Ev:
function _ZN9__gnu_cxx13new_allocatorIN7testing8internal9TraceInfoEED2Ev called 0 returned 0% blocks executed 0%
    #####:   89:      ~new_allocator() _GLIBCXX_USE_NOEXCEPT { }
------------------
_ZN9__gnu_cxx13new_allocatorIyED2Ev:
function _ZN9__gnu_cxx13new_allocatorIyED2Ev called 0 returned 0% blocks executed 0%
    #####:   89:      ~new_allocator() _GLIBCXX_USE_NOEXCEPT { }
------------------
_ZN9__gnu_cxx13new_allocatorISt13_Rb_tree_nodeISt4pairIKNSt7__cxx1112basic_stringIcSt11char_traitsIcESaIcEEEyEEED2Ev:
function _ZN9__gnu_cxx13new_allocatorISt13_Rb_tree_nodeISt4pairIKNSt7__cxx1112basic_stringIcSt11char_traitsIcESaIcEEEyEEED2Ev called 0 returned 0% blocks executed 0%
    #####:   89:      ~new_allocator() _GLIBCXX_USE_NOEXCEPT { }
------------------
_ZN9__gnu_cxx13new_allocatorISt10_List_nodeISt4pairIcPKcEEED2Ev:
function _ZN9__gnu_cxx13new_allocatorISt10_List_nodeISt4pairIcPKcEEED2Ev called 0 returned 0% blocks executed 0%
    #####:   89:      ~new_allocator() _GLIBCXX_USE_NOEXCEPT { }
------------------
_ZN9__gnu_cxx13new_allocatorIN7testing12TestPropertyEED2Ev:
function _ZN9__gnu_cxx13new_allocatorIN7testing12TestPropertyEED2Ev called 0 returned 0% blocks executed 0%
    #####:   89:      ~new_allocator() _GLIBCXX_USE_NOEXCEPT { }
------------------
_ZN9__gnu_cxx13new_allocatorIPN7testing8TestInfoEED2Ev:
function _ZN9__gnu_cxx13new_allocatorIPN7testing8TestInfoEED2Ev called 0 returned 0% blocks executed 0%
    #####:   89:      ~new_allocator() _GLIBCXX_USE_NOEXCEPT { }
------------------
_ZN9__gnu_cxx13new_allocatorIiED2Ev:
function _ZN9__gnu_cxx13new_allocatorIiED2Ev called 0 returned 0% blocks executed 0%
    #####:   89:      ~new_allocator() _GLIBCXX_USE_NOEXCEPT { }
------------------
_ZN9__gnu_cxx13new_allocatorIPN7testing17TestEventListenerEED2Ev:
function _ZN9__gnu_cxx13new_allocatorIPN7testing17TestEventListenerEED2Ev called 0 returned 0% blocks executed 0%
    #####:   89:      ~new_allocator() _GLIBCXX_USE_NOEXCEPT { }
------------------
_ZN9__gnu_cxx13new_allocatorIPN7testing11EnvironmentEED2Ev:
function _ZN9__gnu_cxx13new_allocatorIPN7testing11EnvironmentEED2Ev called 0 returned 0% blocks executed 0%
    #####:   89:      ~new_allocator() _GLIBCXX_USE_NOEXCEPT { }
------------------
_ZN9__gnu_cxx13new_allocatorIPN7testing9TestSuiteEED2Ev:
function _ZN9__gnu_cxx13new_allocatorIPN7testing9TestSuiteEED2Ev called 0 returned 0% blocks executed 0%
    #####:   89:      ~new_allocator() _GLIBCXX_USE_NOEXCEPT { }
------------------
_ZN9__gnu_cxx13new_allocatorISt13_Rb_tree_nodeISt4pairIKNSt7__cxx1112basic_stringIcSt11char_traitsIcESaIcEEEN7testing8internal34TypeParameterizedTestSuiteRegistry30TypeParameterizedTestSuiteInfoEEEED2Ev:
function _ZN9__gnu_cxx13new_allocatorISt13_Rb_tree_nodeISt4pairIKNSt7__cxx1112basic_stringIcSt11char_traitsIcESaIcEEEN7testing8internal34TypeParameterizedTestSuiteRegistry30TypeParameterizedTestSuiteInfoEEEED2Ev called 0 returned 0% blocks executed 0%
    #####:   89:      ~new_allocator() _GLIBCXX_USE_NOEXCEPT { }
------------------
_ZN9__gnu_cxx13new_allocatorIPNSt8__detail15_Hash_node_baseEED2Ev:
function _ZN9__gnu_cxx13new_allocatorIPNSt8__detail15_Hash_node_baseEED2Ev called 0 returned 0% blocks executed 0%
    #####:   89:      ~new_allocator() _GLIBCXX_USE_NOEXCEPT { }
------------------
        -:   90:
        -:   91:      pointer
        -:   92:      address(reference __x) const _GLIBCXX_NOEXCEPT
        -:   93:      { return std::__addressof(__x); }
        -:   94:
        -:   95:      const_pointer
        -:   96:      address(const_reference __x) const _GLIBCXX_NOEXCEPT
        -:   97:      { return std::__addressof(__x); }
        -:   98:
        -:   99:      // NB: __n is permitted to be 0.  The C++ standard says nothing
        -:  100:      // about what the return value is when __n == 0.
        -:  101:      _GLIBCXX_NODISCARD pointer
      19*:  102:      allocate(size_type __n, const void* = static_cast<const void*>(0))
        -:  103:      {
      19*:  104:	if (__n > this->max_size())
    #####:  105:	  std::__throw_bad_alloc();
        -:  106:
        -:  107:#if __cpp_aligned_new
        -:  108:	if (alignof(_Tp) > __STDCPP_DEFAULT_NEW_ALIGNMENT__)
        -:  109:	  {
        -:  110:	    std::align_val_t __al = std::align_val_t(alignof(_Tp));
        -:  111:	    return static_cast<_Tp*>(::operator new(__n * sizeof(_Tp), __al));
        -:  112:	  }
        -:  113:#endif
      19*:  114:	return static_cast<_Tp*>(::operator new(__n * sizeof(_Tp)));
        -:  115:      }
------------------
_ZN9__gnu_cxx13new_allocatorISt13_Rb_tree_nodeISt4pairIKPKN7testing8internal15ThreadLocalBaseESt10shared_ptrINS4_26ThreadLocalValueHolderBaseEEEEE8allocateEyPKv:
function _ZN9__gnu_cxx13new_allocatorISt13_Rb_tree_nodeISt4pairIKPKN7testing8internal15ThreadLocalBaseESt10shared_ptrINS4_26ThreadLocalValueHolderBaseEEEEE8allocateEyPKv called 0 returned 0% blocks executed 0%
    #####:  102:      allocate(size_type __n, const void* = static_cast<const void*>(0))
        -:  103:      {
    #####:  104:	if (__n > this->max_size())
    %%%%%:  104-block  0
call    0 never executed
branch  1 never executed
branch  2 never executed
    #####:  105:	  std::__throw_bad_alloc();
    %%%%%:  105-block  0
call    0 never executed
        -:  106:
        -:  107:#if __cpp_aligned_new
        -:  108:	if (alignof(_Tp) > __STDCPP_DEFAULT_NEW_ALIGNMENT__)
        -:  109:	  {
        -:  110:	    std::align_val_t __al = std::align_val_t(alignof(_Tp));
        -:  111:	    return static_cast<_Tp*>(::operator new(__n * sizeof(_Tp), __al));
        -:  112:	  }
        -:  113:#endif
    #####:  114:	return static_cast<_Tp*>(::operator new(__n * sizeof(_Tp)));
    %%%%%:  114-block  0
call    0 never executed
        -:  115:      }
------------------
_ZN9__gnu_cxx13new_allocatorIcE8allocateEyPKv:
function _ZN9__gnu_cxx13new_allocatorIcE8allocateEyPKv called 0 returned 0% blocks executed 0%
    #####:  102:      allocate(size_type __n, const void* = static_cast<const void*>(0))
        -:  103:      {
    #####:  104:	if (__n > this->max_size())
    %%%%%:  104-block  0
call    0 never executed
branch  1 never executed
branch  2 never executed
    #####:  105:	  std::__throw_bad_alloc();
    %%%%%:  105-block  0
call    0 never executed
        -:  106:
        -:  107:#if __cpp_aligned_new
        -:  108:	if (alignof(_Tp) > __STDCPP_DEFAULT_NEW_ALIGNMENT__)
        -:  109:	  {
        -:  110:	    std::align_val_t __al = std::align_val_t(alignof(_Tp));
        -:  111:	    return static_cast<_Tp*>(::operator new(__n * sizeof(_Tp), __al));
        -:  112:	  }
        -:  113:#endif
    #####:  114:	return static_cast<_Tp*>(::operator new(__n * sizeof(_Tp)));
    %%%%%:  114-block  0
call    0 never executed
        -:  115:      }
------------------
_ZN9__gnu_cxx13new_allocatorINSt7__cxx1112basic_stringIcSt11char_traitsIcESaIcEEEE8allocateEyPKv:
function _ZN9__gnu_cxx13new_allocatorINSt7__cxx1112basic_stringIcSt11char_traitsIcESaIcEEEE8allocateEyPKv called 12 returned 100% blocks executed 83%
       12:  102:      allocate(size_type __n, const void* = static_cast<const void*>(0))
        -:  103:      {
       12:  104:	if (__n > this->max_size())
       12:  104-block  0
call    0 returned 12
branch  1 taken 0 (fallthrough)
branch  2 taken 12
    #####:  105:	  std::__throw_bad_alloc();
    %%%%%:  105-block  0
call    0 never executed
        -:  106:
        -:  107:#if __cpp_aligned_new
        -:  108:	if (alignof(_Tp) > __STDCPP_DEFAULT_NEW_ALIGNMENT__)
        -:  109:	  {
        -:  110:	    std::align_val_t __al = std::align_val_t(alignof(_Tp));
        -:  111:	    return static_cast<_Tp*>(::operator new(__n * sizeof(_Tp), __al));
        -:  112:	  }
        -:  113:#endif
       12:  114:	return static_cast<_Tp*>(::operator new(__n * sizeof(_Tp)));
       12:  114-block  0
call    0 returned 12
        -:  115:      }
------------------
_ZN9__gnu_cxx13new_allocatorISt10shared_ptrIN7testing8internal26ThreadLocalValueHolderBaseEEE8allocateEyPKv:
function _ZN9__gnu_cxx13new_allocatorISt10shared_ptrIN7testing8internal26ThreadLocalValueHolderBaseEEE8allocateEyPKv called 0 returned 0% blocks executed 0%
    #####:  102:      allocate(size_type __n, const void* = static_cast<const void*>(0))
        -:  103:      {
    #####:  104:	if (__n > this->max_size())
    %%%%%:  104-block  0
call    0 never executed
branch  1 never executed
branch  2 never executed
    #####:  105:	  std::__throw_bad_alloc();
    %%%%%:  105-block  0
call    0 never executed
        -:  106:
        -:  107:#if __cpp_aligned_new
        -:  108:	if (alignof(_Tp) > __STDCPP_DEFAULT_NEW_ALIGNMENT__)
        -:  109:	  {
        -:  110:	    std::align_val_t __al = std::align_val_t(alignof(_Tp));
        -:  111:	    return static_cast<_Tp*>(::operator new(__n * sizeof(_Tp), __al));
        -:  112:	  }
        -:  113:#endif
    #####:  114:	return static_cast<_Tp*>(::operator new(__n * sizeof(_Tp)));
    %%%%%:  114-block  0
call    0 never executed
        -:  115:      }
------------------
_ZN9__gnu_cxx13new_allocatorIN7testing14TestPartResultEE8allocateEyPKv:
function _ZN9__gnu_cxx13new_allocatorIN7testing14TestPartResultEE8allocateEyPKv called 0 returned 0% blocks executed 0%
    #####:  102:      allocate(size_type __n, const void* = static_cast<const void*>(0))
        -:  103:      {
    #####:  104:	if (__n > this->max_size())
    %%%%%:  104-block  0
call    0 never executed
branch  1 never executed
branch  2 never executed
    #####:  105:	  std::__throw_bad_alloc();
    %%%%%:  105-block  0
call    0 never executed
        -:  106:
        -:  107:#if __cpp_aligned_new
        -:  108:	if (alignof(_Tp) > __STDCPP_DEFAULT_NEW_ALIGNMENT__)
        -:  109:	  {
        -:  110:	    std::align_val_t __al = std::align_val_t(alignof(_Tp));
        -:  111:	    return static_cast<_Tp*>(::operator new(__n * sizeof(_Tp), __al));
        -:  112:	  }
        -:  113:#endif
    #####:  114:	return static_cast<_Tp*>(::operator new(__n * sizeof(_Tp)));
    %%%%%:  114-block  0
call    0 never executed
        -:  115:      }
------------------
_ZN9__gnu_cxx13new_allocatorIN7testing8internal13edit_distance8EditTypeEE8allocateEyPKv:
function _ZN9__gnu_cxx13new_allocatorIN7testing8internal13edit_distance8EditTypeEE8allocateEyPKv called 0 returned 0% blocks executed 0%
    #####:  102:      allocate(size_type __n, const void* = static_cast<const void*>(0))
        -:  103:      {
    #####:  104:	if (__n > this->max_size())
    %%%%%:  104-block  0
call    0 never executed
branch  1 never executed
branch  2 never executed
    #####:  105:	  std::__throw_bad_alloc();
    %%%%%:  105-block  0
call    0 never executed
        -:  106:
        -:  107:#if __cpp_aligned_new
        -:  108:	if (alignof(_Tp) > __STDCPP_DEFAULT_NEW_ALIGNMENT__)
        -:  109:	  {
        -:  110:	    std::align_val_t __al = std::align_val_t(alignof(_Tp));
        -:  111:	    return static_cast<_Tp*>(::operator new(__n * sizeof(_Tp), __al));
        -:  112:	  }
        -:  113:#endif
    #####:  114:	return static_cast<_Tp*>(::operator new(__n * sizeof(_Tp)));
    %%%%%:  114-block  0
call    0 never executed
        -:  115:      }
------------------
_ZN9__gnu_cxx13new_allocatorIN7testing12TestPropertyEE8allocateEyPKv:
function _ZN9__gnu_cxx13new_allocatorIN7testing12TestPropertyEE8allocateEyPKv called 0 returned 0% blocks executed 0%
    #####:  102:      allocate(size_type __n, const void* = static_cast<const void*>(0))
        -:  103:      {
    #####:  104:	if (__n > this->max_size())
    %%%%%:  104-block  0
call    0 never executed
branch  1 never executed
branch  2 never executed
    #####:  105:	  std::__throw_bad_alloc();
    %%%%%:  105-block  0
call    0 never executed
        -:  106:
        -:  107:#if __cpp_aligned_new
        -:  108:	if (alignof(_Tp) > __STDCPP_DEFAULT_NEW_ALIGNMENT__)
        -:  109:	  {
        -:  110:	    std::align_val_t __al = std::align_val_t(alignof(_Tp));
        -:  111:	    return static_cast<_Tp*>(::operator new(__n * sizeof(_Tp), __al));
        -:  112:	  }
        -:  113:#endif
    #####:  114:	return static_cast<_Tp*>(::operator new(__n * sizeof(_Tp)));
    %%%%%:  114-block  0
call    0 never executed
        -:  115:      }
------------------
_ZN9__gnu_cxx13new_allocatorIPN7testing8TestInfoEE8allocateEyPKv:
function _ZN9__gnu_cxx13new_allocatorIPN7testing8TestInfoEE8allocateEyPKv called 5 returned 100% blocks executed 83%
        5:  102:      allocate(size_type __n, const void* = static_cast<const void*>(0))
        -:  103:      {
        5:  104:	if (__n > this->max_size())
        5:  104-block  0
call    0 returned 5
branch  1 taken 0 (fallthrough)
branch  2 taken 5
    #####:  105:	  std::__throw_bad_alloc();
    %%%%%:  105-block  0
call    0 never executed
        -:  106:
        -:  107:#if __cpp_aligned_new
        -:  108:	if (alignof(_Tp) > __STDCPP_DEFAULT_NEW_ALIGNMENT__)
        -:  109:	  {
        -:  110:	    std::align_val_t __al = std::align_val_t(alignof(_Tp));
        -:  111:	    return static_cast<_Tp*>(::operator new(__n * sizeof(_Tp), __al));
        -:  112:	  }
        -:  113:#endif
        5:  114:	return static_cast<_Tp*>(::operator new(__n * sizeof(_Tp)));
        5:  114-block  0
call    0 returned 5
        -:  115:      }
------------------
_ZN9__gnu_cxx13new_allocatorIPN7testing17TestEventListenerEE8allocateEyPKv:
function _ZN9__gnu_cxx13new_allocatorIPN7testing17TestEventListenerEE8allocateEyPKv called 1 returned 100% blocks executed 83%
        1:  102:      allocate(size_type __n, const void* = static_cast<const void*>(0))
        -:  103:      {
        1:  104:	if (__n > this->max_size())
        1:  104-block  0
call    0 returned 1
branch  1 taken 0 (fallthrough)
branch  2 taken 1
    #####:  105:	  std::__throw_bad_alloc();
    %%%%%:  105-block  0
call    0 never executed
        -:  106:
        -:  107:#if __cpp_aligned_new
        -:  108:	if (alignof(_Tp) > __STDCPP_DEFAULT_NEW_ALIGNMENT__)
        -:  109:	  {
        -:  110:	    std::align_val_t __al = std::align_val_t(alignof(_Tp));
        -:  111:	    return static_cast<_Tp*>(::operator new(__n * sizeof(_Tp), __al));
        -:  112:	  }
        -:  113:#endif
        1:  114:	return static_cast<_Tp*>(::operator new(__n * sizeof(_Tp)));
        1:  114-block  0
call    0 returned 1
        -:  115:      }
------------------
_ZN9__gnu_cxx13new_allocatorIPN7testing11EnvironmentEE8allocateEyPKv:
function _ZN9__gnu_cxx13new_allocatorIPN7testing11EnvironmentEE8allocateEyPKv called 0 returned 0% blocks executed 0%
    #####:  102:      allocate(size_type __n, const void* = static_cast<const void*>(0))
        -:  103:      {
    #####:  104:	if (__n > this->max_size())
    %%%%%:  104-block  0
call    0 never executed
branch  1 never executed
branch  2 never executed
    #####:  105:	  std::__throw_bad_alloc();
    %%%%%:  105-block  0
call    0 never executed
        -:  106:
        -:  107:#if __cpp_aligned_new
        -:  108:	if (alignof(_Tp) > __STDCPP_DEFAULT_NEW_ALIGNMENT__)
        -:  109:	  {
        -:  110:	    std::align_val_t __al = std::align_val_t(alignof(_Tp));
        -:  111:	    return static_cast<_Tp*>(::operator new(__n * sizeof(_Tp), __al));
        -:  112:	  }
        -:  113:#endif
    #####:  114:	return static_cast<_Tp*>(::operator new(__n * sizeof(_Tp)));
    %%%%%:  114-block  0
call    0 never executed
        -:  115:      }
------------------
_ZN9__gnu_cxx13new_allocatorIN7testing8internal9TraceInfoEE8allocateEyPKv:
function _ZN9__gnu_cxx13new_allocatorIN7testing8internal9TraceInfoEE8allocateEyPKv called 0 returned 0% blocks executed 0%
    #####:  102:      allocate(size_type __n, const void* = static_cast<const void*>(0))
        -:  103:      {
    #####:  104:	if (__n > this->max_size())
    %%%%%:  104-block  0
call    0 never executed
branch  1 never executed
branch  2 never executed
    #####:  105:	  std::__throw_bad_alloc();
    %%%%%:  105-block  0
call    0 never executed
        -:  106:
        -:  107:#if __cpp_aligned_new
        -:  108:	if (alignof(_Tp) > __STDCPP_DEFAULT_NEW_ALIGNMENT__)
        -:  109:	  {
        -:  110:	    std::align_val_t __al = std::align_val_t(alignof(_Tp));
        -:  111:	    return static_cast<_Tp*>(::operator new(__n * sizeof(_Tp), __al));
        -:  112:	  }
        -:  113:#endif
    #####:  114:	return static_cast<_Tp*>(::operator new(__n * sizeof(_Tp)));
    %%%%%:  114-block  0
call    0 never executed
        -:  115:      }
------------------
_ZN9__gnu_cxx13new_allocatorIPN7testing9TestSuiteEE8allocateEyPKv:
function _ZN9__gnu_cxx13new_allocatorIPN7testing9TestSuiteEE8allocateEyPKv called 1 returned 100% blocks executed 83%
        1:  102:      allocate(size_type __n, const void* = static_cast<const void*>(0))
        -:  103:      {
        1:  104:	if (__n > this->max_size())
        1:  104-block  0
call    0 returned 1
branch  1 taken 0 (fallthrough)
branch  2 taken 1
    #####:  105:	  std::__throw_bad_alloc();
    %%%%%:  105-block  0
call    0 never executed
        -:  106:
        -:  107:#if __cpp_aligned_new
        -:  108:	if (alignof(_Tp) > __STDCPP_DEFAULT_NEW_ALIGNMENT__)
        -:  109:	  {
        -:  110:	    std::align_val_t __al = std::align_val_t(alignof(_Tp));
        -:  111:	    return static_cast<_Tp*>(::operator new(__n * sizeof(_Tp), __al));
        -:  112:	  }
        -:  113:#endif
        1:  114:	return static_cast<_Tp*>(::operator new(__n * sizeof(_Tp)));
        1:  114-block  0
call    0 returned 1
        -:  115:      }
------------------
_ZN9__gnu_cxx13new_allocatorISt13_Rb_tree_nodeISt4pairIKmSt3mapIPKN7testing8internal15ThreadLocalBaseESt10shared_ptrINS6_26ThreadLocalValueHolderBaseEESt4lessIS9_ESaIS2_IKS9_SC_EEEEEE8allocateEyPKv:
function _ZN9__gnu_cxx13new_allocatorISt13_Rb_tree_nodeISt4pairIKmSt3mapIPKN7testing8internal15ThreadLocalBaseESt10shared_ptrINS6_26ThreadLocalValueHolderBaseEESt4lessIS9_ESaIS2_IKS9_SC_EEEEEE8allocateEyPKv called 0 returned 0% blocks executed 0%
    #####:  102:      allocate(size_type __n, const void* = static_cast<const void*>(0))
        -:  103:      {
    #####:  104:	if (__n > this->max_size())
    %%%%%:  104-block  0
call    0 never executed
branch  1 never executed
branch  2 never executed
    #####:  105:	  std::__throw_bad_alloc();
    %%%%%:  105-block  0
call    0 never executed
        -:  106:
        -:  107:#if __cpp_aligned_new
        -:  108:	if (alignof(_Tp) > __STDCPP_DEFAULT_NEW_ALIGNMENT__)
        -:  109:	  {
        -:  110:	    std::align_val_t __al = std::align_val_t(alignof(_Tp));
        -:  111:	    return static_cast<_Tp*>(::operator new(__n * sizeof(_Tp), __al));
        -:  112:	  }
        -:  113:#endif
    #####:  114:	return static_cast<_Tp*>(::operator new(__n * sizeof(_Tp)));
    %%%%%:  114-block  0
call    0 never executed
        -:  115:      }
------------------
_ZN9__gnu_cxx13new_allocatorIPNSt8__detail15_Hash_node_baseEE8allocateEyPKv:
function _ZN9__gnu_cxx13new_allocatorIPNSt8__detail15_Hash_node_baseEE8allocateEyPKv called 0 returned 0% blocks executed 0%
    #####:  102:      allocate(size_type __n, const void* = static_cast<const void*>(0))
        -:  103:      {
    #####:  104:	if (__n > this->max_size())
    %%%%%:  104-block  0
call    0 never executed
branch  1 never executed
branch  2 never executed
    #####:  105:	  std::__throw_bad_alloc();
    %%%%%:  105-block  0
call    0 never executed
        -:  106:
        -:  107:#if __cpp_aligned_new
        -:  108:	if (alignof(_Tp) > __STDCPP_DEFAULT_NEW_ALIGNMENT__)
        -:  109:	  {
        -:  110:	    std::align_val_t __al = std::align_val_t(alignof(_Tp));
        -:  111:	    return static_cast<_Tp*>(::operator new(__n * sizeof(_Tp), __al));
        -:  112:	  }
        -:  113:#endif
    #####:  114:	return static_cast<_Tp*>(::operator new(__n * sizeof(_Tp)));
    %%%%%:  114-block  0
call    0 never executed
        -:  115:      }
------------------
_ZN9__gnu_cxx13new_allocatorISt13_Rb_tree_nodeISt4pairIKNSt7__cxx1112basic_stringIcSt11char_traitsIcESaIcEEEN7testing8internal34TypeParameterizedTestSuiteRegistry30TypeParameterizedTestSuiteInfoEEEE8allocateEyPKv:
function _ZN9__gnu_cxx13new_allocatorISt13_Rb_tree_nodeISt4pairIKNSt7__cxx1112basic_stringIcSt11char_traitsIcESaIcEEEN7testing8internal34TypeParameterizedTestSuiteRegistry30TypeParameterizedTestSuiteInfoEEEE8allocateEyPKv called 0 returned 0% blocks executed 0%
    #####:  102:      allocate(size_type __n, const void* = static_cast<const void*>(0))
        -:  103:      {
    #####:  104:	if (__n > this->max_size())
    %%%%%:  104-block  0
call    0 never executed
branch  1 never executed
branch  2 never executed
    #####:  105:	  std::__throw_bad_alloc();
    %%%%%:  105-block  0
call    0 never executed
        -:  106:
        -:  107:#if __cpp_aligned_new
        -:  108:	if (alignof(_Tp) > __STDCPP_DEFAULT_NEW_ALIGNMENT__)
        -:  109:	  {
        -:  110:	    std::align_val_t __al = std::align_val_t(alignof(_Tp));
        -:  111:	    return static_cast<_Tp*>(::operator new(__n * sizeof(_Tp), __al));
        -:  112:	  }
        -:  113:#endif
    #####:  114:	return static_cast<_Tp*>(::operator new(__n * sizeof(_Tp)));
    %%%%%:  114-block  0
call    0 never executed
        -:  115:      }
------------------
_ZN9__gnu_cxx13new_allocatorIdE8allocateEyPKv:
function _ZN9__gnu_cxx13new_allocatorIdE8allocateEyPKv called 0 returned 0% blocks executed 0%
    #####:  102:      allocate(size_type __n, const void* = static_cast<const void*>(0))
        -:  103:      {
    #####:  104:	if (__n > this->max_size())
    %%%%%:  104-block  0
call    0 never executed
branch  1 never executed
branch  2 never executed
    #####:  105:	  std::__throw_bad_alloc();
    %%%%%:  105-block  0
call    0 never executed
        -:  106:
        -:  107:#if __cpp_aligned_new
        -:  108:	if (alignof(_Tp) > __STDCPP_DEFAULT_NEW_ALIGNMENT__)
        -:  109:	  {
        -:  110:	    std::align_val_t __al = std::align_val_t(alignof(_Tp));
        -:  111:	    return static_cast<_Tp*>(::operator new(__n * sizeof(_Tp), __al));
        -:  112:	  }
        -:  113:#endif
    #####:  114:	return static_cast<_Tp*>(::operator new(__n * sizeof(_Tp)));
    %%%%%:  114-block  0
call    0 never executed
        -:  115:      }
------------------
_ZN9__gnu_cxx13new_allocatorISt6vectorIdSaIdEEE8allocateEyPKv:
function _ZN9__gnu_cxx13new_allocatorISt6vectorIdSaIdEEE8allocateEyPKv called 0 returned 0% blocks executed 0%
    #####:  102:      allocate(size_type __n, const void* = static_cast<const void*>(0))
        -:  103:      {
    #####:  104:	if (__n > this->max_size())
    %%%%%:  104-block  0
call    0 never executed
branch  1 never executed
branch  2 never executed
    #####:  105:	  std::__throw_bad_alloc();
    %%%%%:  105-block  0
call    0 never executed
        -:  106:
        -:  107:#if __cpp_aligned_new
        -:  108:	if (alignof(_Tp) > __STDCPP_DEFAULT_NEW_ALIGNMENT__)
        -:  109:	  {
        -:  110:	    std::align_val_t __al = std::align_val_t(alignof(_Tp));
        -:  111:	    return static_cast<_Tp*>(::operator new(__n * sizeof(_Tp), __al));
        -:  112:	  }
        -:  113:#endif
    #####:  114:	return static_cast<_Tp*>(::operator new(__n * sizeof(_Tp)));
    %%%%%:  114-block  0
call    0 never executed
        -:  115:      }
------------------
_ZN9__gnu_cxx13new_allocatorISt6vectorIN7testing8internal13edit_distance8EditTypeESaIS5_EEE8allocateEyPKv:
function _ZN9__gnu_cxx13new_allocatorISt6vectorIN7testing8internal13edit_distance8EditTypeESaIS5_EEE8allocateEyPKv called 0 returned 0% blocks executed 0%
    #####:  102:      allocate(size_type __n, const void* = static_cast<const void*>(0))
        -:  103:      {
    #####:  104:	if (__n > this->max_size())
    %%%%%:  104-block  0
call    0 never executed
branch  1 never executed
branch  2 never executed
    #####:  105:	  std::__throw_bad_alloc();
    %%%%%:  105-block  0
call    0 never executed
        -:  106:
        -:  107:#if __cpp_aligned_new
        -:  108:	if (alignof(_Tp) > __STDCPP_DEFAULT_NEW_ALIGNMENT__)
        -:  109:	  {
        -:  110:	    std::align_val_t __al = std::align_val_t(alignof(_Tp));
        -:  111:	    return static_cast<_Tp*>(::operator new(__n * sizeof(_Tp), __al));
        -:  112:	  }
        -:  113:#endif
    #####:  114:	return static_cast<_Tp*>(::operator new(__n * sizeof(_Tp)));
    %%%%%:  114-block  0
call    0 never executed
        -:  115:      }
------------------
_ZN9__gnu_cxx13new_allocatorISt13_Rb_tree_nodeISt4pairIKNSt7__cxx1112basic_stringIcSt11char_traitsIcESaIcEEEyEEE8allocateEyPKv:
function _ZN9__gnu_cxx13new_allocatorISt13_Rb_tree_nodeISt4pairIKNSt7__cxx1112basic_stringIcSt11char_traitsIcESaIcEEEyEEE8allocateEyPKv called 0 returned 0% blocks executed 0%
    #####:  102:      allocate(size_type __n, const void* = static_cast<const void*>(0))
        -:  103:      {
    #####:  104:	if (__n > this->max_size())
    %%%%%:  104-block  0
call    0 never executed
branch  1 never executed
branch  2 never executed
    #####:  105:	  std::__throw_bad_alloc();
    %%%%%:  105-block  0
call    0 never executed
        -:  106:
        -:  107:#if __cpp_aligned_new
        -:  108:	if (alignof(_Tp) > __STDCPP_DEFAULT_NEW_ALIGNMENT__)
        -:  109:	  {
        -:  110:	    std::align_val_t __al = std::align_val_t(alignof(_Tp));
        -:  111:	    return static_cast<_Tp*>(::operator new(__n * sizeof(_Tp), __al));
        -:  112:	  }
        -:  113:#endif
    #####:  114:	return static_cast<_Tp*>(::operator new(__n * sizeof(_Tp)));
    %%%%%:  114-block  0
call    0 never executed
        -:  115:      }
------------------
_ZN9__gnu_cxx13new_allocatorIyE8allocateEyPKv:
function _ZN9__gnu_cxx13new_allocatorIyE8allocateEyPKv called 0 returned 0% blocks executed 0%
    #####:  102:      allocate(size_type __n, const void* = static_cast<const void*>(0))
        -:  103:      {
    #####:  104:	if (__n > this->max_size())
    %%%%%:  104-block  0
call    0 never executed
branch  1 never executed
branch  2 never executed
    #####:  105:	  std::__throw_bad_alloc();
    %%%%%:  105-block  0
call    0 never executed
        -:  106:
        -:  107:#if __cpp_aligned_new
        -:  108:	if (alignof(_Tp) > __STDCPP_DEFAULT_NEW_ALIGNMENT__)
        -:  109:	  {
        -:  110:	    std::align_val_t __al = std::align_val_t(alignof(_Tp));
        -:  111:	    return static_cast<_Tp*>(::operator new(__n * sizeof(_Tp), __al));
        -:  112:	  }
        -:  113:#endif
    #####:  114:	return static_cast<_Tp*>(::operator new(__n * sizeof(_Tp)));
    %%%%%:  114-block  0
call    0 never executed
        -:  115:      }
------------------
_ZN9__gnu_cxx13new_allocatorISt10_List_nodeISt4pairIcPKcEEE8allocateEyPKv:
function _ZN9__gnu_cxx13new_allocatorISt10_List_nodeISt4pairIcPKcEEE8allocateEyPKv called 0 returned 0% blocks executed 0%
    #####:  102:      allocate(size_type __n, const void* = static_cast<const void*>(0))
        -:  103:      {
    #####:  104:	if (__n > this->max_size())
    %%%%%:  104-block  0
call    0 never executed
branch  1 never executed
branch  2 never executed
    #####:  105:	  std::__throw_bad_alloc();
    %%%%%:  105-block  0
call    0 never executed
        -:  106:
        -:  107:#if __cpp_aligned_new
        -:  108:	if (alignof(_Tp) > __STDCPP_DEFAULT_NEW_ALIGNMENT__)
        -:  109:	  {
        -:  110:	    std::align_val_t __al = std::align_val_t(alignof(_Tp));
        -:  111:	    return static_cast<_Tp*>(::operator new(__n * sizeof(_Tp), __al));
        -:  112:	  }
        -:  113:#endif
    #####:  114:	return static_cast<_Tp*>(::operator new(__n * sizeof(_Tp)));
    %%%%%:  114-block  0
call    0 never executed
        -:  115:      }
------------------
_ZN9__gnu_cxx13new_allocatorIiE8allocateEyPKv:
function _ZN9__gnu_cxx13new_allocatorIiE8allocateEyPKv called 0 returned 0% blocks executed 0%
    #####:  102:      allocate(size_type __n, const void* = static_cast<const void*>(0))
        -:  103:      {
    #####:  104:	if (__n > this->max_size())
    %%%%%:  104-block  0
call    0 never executed
branch  1 never executed
branch  2 never executed
    #####:  105:	  std::__throw_bad_alloc();
    %%%%%:  105-block  0
call    0 never executed
        -:  106:
        -:  107:#if __cpp_aligned_new
        -:  108:	if (alignof(_Tp) > __STDCPP_DEFAULT_NEW_ALIGNMENT__)
        -:  109:	  {
        -:  110:	    std::align_val_t __al = std::align_val_t(alignof(_Tp));
        -:  111:	    return static_cast<_Tp*>(::operator new(__n * sizeof(_Tp), __al));
        -:  112:	  }
        -:  113:#endif
    #####:  114:	return static_cast<_Tp*>(::operator new(__n * sizeof(_Tp)));
    %%%%%:  114-block  0
call    0 never executed
        -:  115:      }
------------------
_ZN9__gnu_cxx13new_allocatorIwE8allocateEyPKv:
function _ZN9__gnu_cxx13new_allocatorIwE8allocateEyPKv called 0 returned 0% blocks executed 0%
    #####:  102:      allocate(size_type __n, const void* = static_cast<const void*>(0))
        -:  103:      {
    #####:  104:	if (__n > this->max_size())
    %%%%%:  104-block  0
call    0 never executed
branch  1 never executed
branch  2 never executed
    #####:  105:	  std::__throw_bad_alloc();
    %%%%%:  105-block  0
call    0 never executed
        -:  106:
        -:  107:#if __cpp_aligned_new
        -:  108:	if (alignof(_Tp) > __STDCPP_DEFAULT_NEW_ALIGNMENT__)
        -:  109:	  {
        -:  110:	    std::align_val_t __al = std::align_val_t(alignof(_Tp));
        -:  111:	    return static_cast<_Tp*>(::operator new(__n * sizeof(_Tp), __al));
        -:  112:	  }
        -:  113:#endif
    #####:  114:	return static_cast<_Tp*>(::operator new(__n * sizeof(_Tp)));
    %%%%%:  114-block  0
call    0 never executed
        -:  115:      }
------------------
_ZN9__gnu_cxx13new_allocatorISt13_Rb_tree_nodeINSt7__cxx1112basic_stringIcSt11char_traitsIcESaIcEEEEE8allocateEyPKv:
function _ZN9__gnu_cxx13new_allocatorISt13_Rb_tree_nodeINSt7__cxx1112basic_stringIcSt11char_traitsIcESaIcEEEEE8allocateEyPKv called 0 returned 0% blocks executed 0%
    #####:  102:      allocate(size_type __n, const void* = static_cast<const void*>(0))
        -:  103:      {
    #####:  104:	if (__n > this->max_size())
    %%%%%:  104-block  0
call    0 never executed
branch  1 never executed
branch  2 never executed
    #####:  105:	  std::__throw_bad_alloc();
    %%%%%:  105-block  0
call    0 never executed
        -:  106:
        -:  107:#if __cpp_aligned_new
        -:  108:	if (alignof(_Tp) > __STDCPP_DEFAULT_NEW_ALIGNMENT__)
        -:  109:	  {
        -:  110:	    std::align_val_t __al = std::align_val_t(alignof(_Tp));
        -:  111:	    return static_cast<_Tp*>(::operator new(__n * sizeof(_Tp), __al));
        -:  112:	  }
        -:  113:#endif
    #####:  114:	return static_cast<_Tp*>(::operator new(__n * sizeof(_Tp)));
    %%%%%:  114-block  0
call    0 never executed
        -:  115:      }
------------------
_ZN9__gnu_cxx13new_allocatorINSt8__detail10_Hash_nodeINSt7__cxx1112basic_stringIcSt11char_traitsIcESaIcEEELb1EEEE8allocateEyPKv:
function _ZN9__gnu_cxx13new_allocatorINSt8__detail10_Hash_nodeINSt7__cxx1112basic_stringIcSt11char_traitsIcESaIcEEELb1EEEE8allocateEyPKv called 0 returned 0% blocks executed 0%
    #####:  102:      allocate(size_type __n, const void* = static_cast<const void*>(0))
        -:  103:      {
    #####:  104:	if (__n > this->max_size())
    %%%%%:  104-block  0
call    0 never executed
branch  1 never executed
branch  2 never executed
    #####:  105:	  std::__throw_bad_alloc();
    %%%%%:  105-block  0
call    0 never executed
        -:  106:
        -:  107:#if __cpp_aligned_new
        -:  108:	if (alignof(_Tp) > __STDCPP_DEFAULT_NEW_ALIGNMENT__)
        -:  109:	  {
        -:  110:	    std::align_val_t __al = std::align_val_t(alignof(_Tp));
        -:  111:	    return static_cast<_Tp*>(::operator new(__n * sizeof(_Tp), __al));
        -:  112:	  }
        -:  113:#endif
    #####:  114:	return static_cast<_Tp*>(::operator new(__n * sizeof(_Tp)));
    %%%%%:  114-block  0
call    0 never executed
        -:  115:      }
------------------
        -:  116:
        -:  117:      // __p is not permitted to be a null pointer.
        -:  118:      void
      15*:  119:      deallocate(pointer __p, size_type)
        -:  120:      {
        -:  121:#if __cpp_aligned_new
        -:  122:	if (alignof(_Tp) > __STDCPP_DEFAULT_NEW_ALIGNMENT__)
        -:  123:	  {
        -:  124:	    ::operator delete(__p, std::align_val_t(alignof(_Tp)));
        -:  125:	    return;
        -:  126:	  }
        -:  127:#endif
      15*:  128:	::operator delete(__p);
        -:  129:      }
------------------
_ZN9__gnu_cxx13new_allocatorIPN7testing9TestSuiteEE10deallocateEPS3_y:
function _ZN9__gnu_cxx13new_allocatorIPN7testing9TestSuiteEE10deallocateEPS3_y called 0 returned 0% blocks executed 0%
    #####:  119:      deallocate(pointer __p, size_type)
    %%%%%:  119-block  0
        -:  120:      {
        -:  121:#if __cpp_aligned_new
        -:  122:	if (alignof(_Tp) > __STDCPP_DEFAULT_NEW_ALIGNMENT__)
        -:  123:	  {
        -:  124:	    ::operator delete(__p, std::align_val_t(alignof(_Tp)));
        -:  125:	    return;
        -:  126:	  }
        -:  127:#endif
    #####:  128:	::operator delete(__p);
    %%%%%:  128-block  0
call    0 never executed
        -:  129:      }
------------------
_ZN9__gnu_cxx13new_allocatorIcE10deallocateEPcy:
function _ZN9__gnu_cxx13new_allocatorIcE10deallocateEPcy called 0 returned 0% blocks executed 0%
    #####:  119:      deallocate(pointer __p, size_type)
    %%%%%:  119-block  0
        -:  120:      {
        -:  121:#if __cpp_aligned_new
        -:  122:	if (alignof(_Tp) > __STDCPP_DEFAULT_NEW_ALIGNMENT__)
        -:  123:	  {
        -:  124:	    ::operator delete(__p, std::align_val_t(alignof(_Tp)));
        -:  125:	    return;
        -:  126:	  }
        -:  127:#endif
    #####:  128:	::operator delete(__p);
    %%%%%:  128-block  0
call    0 never executed
        -:  129:      }
------------------
_ZN9__gnu_cxx13new_allocatorIN7testing14TestPartResultEE10deallocateEPS2_y:
function _ZN9__gnu_cxx13new_allocatorIN7testing14TestPartResultEE10deallocateEPS2_y called 0 returned 0% blocks executed 0%
    #####:  119:      deallocate(pointer __p, size_type)
    %%%%%:  119-block  0
        -:  120:      {
        -:  121:#if __cpp_aligned_new
        -:  122:	if (alignof(_Tp) > __STDCPP_DEFAULT_NEW_ALIGNMENT__)
        -:  123:	  {
        -:  124:	    ::operator delete(__p, std::align_val_t(alignof(_Tp)));
        -:  125:	    return;
        -:  126:	  }
        -:  127:#endif
    #####:  128:	::operator delete(__p);
    %%%%%:  128-block  0
call    0 never executed
        -:  129:      }
------------------
_ZN9__gnu_cxx13new_allocatorIPN7testing8internal30ParameterizedTestSuiteInfoBaseEE10deallocateEPS4_y:
function _ZN9__gnu_cxx13new_allocatorIPN7testing8internal30ParameterizedTestSuiteInfoBaseEE10deallocateEPS4_y called 0 returned 0% blocks executed 0%
    #####:  119:      deallocate(pointer __p, size_type)
    %%%%%:  119-block  0
        -:  120:      {
        -:  121:#if __cpp_aligned_new
        -:  122:	if (alignof(_Tp) > __STDCPP_DEFAULT_NEW_ALIGNMENT__)
        -:  123:	  {
        -:  124:	    ::operator delete(__p, std::align_val_t(alignof(_Tp)));
        -:  125:	    return;
        -:  126:	  }
        -:  127:#endif
    #####:  128:	::operator delete(__p);
    %%%%%:  128-block  0
call    0 never executed
        -:  129:      }
------------------
_ZN9__gnu_cxx13new_allocatorINSt7__cxx1112basic_stringIcSt11char_traitsIcESaIcEEEE10deallocateEPS6_y:
function _ZN9__gnu_cxx13new_allocatorINSt7__cxx1112basic_stringIcSt11char_traitsIcESaIcEEEE10deallocateEPS6_y called 11 returned 100% blocks executed 100%
       11:  119:      deallocate(pointer __p, size_type)
       11:  119-block  0
        -:  120:      {
        -:  121:#if __cpp_aligned_new
        -:  122:	if (alignof(_Tp) > __STDCPP_DEFAULT_NEW_ALIGNMENT__)
        -:  123:	  {
        -:  124:	    ::operator delete(__p, std::align_val_t(alignof(_Tp)));
        -:  125:	    return;
        -:  126:	  }
        -:  127:#endif
       11:  128:	::operator delete(__p);
       11:  128-block  0
call    0 returned 11
        -:  129:      }
------------------
_ZN9__gnu_cxx13new_allocatorISt10shared_ptrIN7testing8internal26ThreadLocalValueHolderBaseEEE10deallocateEPS5_y:
function _ZN9__gnu_cxx13new_allocatorISt10shared_ptrIN7testing8internal26ThreadLocalValueHolderBaseEEE10deallocateEPS5_y called 0 returned 0% blocks executed 0%
    #####:  119:      deallocate(pointer __p, size_type)
    %%%%%:  119-block  0
        -:  120:      {
        -:  121:#if __cpp_aligned_new
        -:  122:	if (alignof(_Tp) > __STDCPP_DEFAULT_NEW_ALIGNMENT__)
        -:  123:	  {
        -:  124:	    ::operator delete(__p, std::align_val_t(alignof(_Tp)));
        -:  125:	    return;
        -:  126:	  }
        -:  127:#endif
    #####:  128:	::operator delete(__p);
    %%%%%:  128-block  0
call    0 never executed
        -:  129:      }
------------------
_ZN9__gnu_cxx13new_allocatorIN7testing8internal13edit_distance8EditTypeEE10deallocateEPS4_y:
function _ZN9__gnu_cxx13new_allocatorIN7testing8internal13edit_distance8EditTypeEE10deallocateEPS4_y called 0 returned 0% blocks executed 0%
    #####:  119:      deallocate(pointer __p, size_type)
    %%%%%:  119-block  0
        -:  120:      {
        -:  121:#if __cpp_aligned_new
        -:  122:	if (alignof(_Tp) > __STDCPP_DEFAULT_NEW_ALIGNMENT__)
        -:  123:	  {
        -:  124:	    ::operator delete(__p, std::align_val_t(alignof(_Tp)));
        -:  125:	    return;
        -:  126:	  }
        -:  127:#endif
    #####:  128:	::operator delete(__p);
    %%%%%:  128-block  0
call    0 never executed
        -:  129:      }
------------------
_ZN9__gnu_cxx13new_allocatorIyE10deallocateEPyy:
function _ZN9__gnu_cxx13new_allocatorIyE10deallocateEPyy called 0 returned 0% blocks executed 0%
    #####:  119:      deallocate(pointer __p, size_type)
    %%%%%:  119-block  0
        -:  120:      {
        -:  121:#if __cpp_aligned_new
        -:  122:	if (alignof(_Tp) > __STDCPP_DEFAULT_NEW_ALIGNMENT__)
        -:  123:	  {
        -:  124:	    ::operator delete(__p, std::align_val_t(alignof(_Tp)));
        -:  125:	    return;
        -:  126:	  }
        -:  127:#endif
    #####:  128:	::operator delete(__p);
    %%%%%:  128-block  0
call    0 never executed
        -:  129:      }
------------------
_ZN9__gnu_cxx13new_allocatorIN7testing12TestPropertyEE10deallocateEPS2_y:
function _ZN9__gnu_cxx13new_allocatorIN7testing12TestPropertyEE10deallocateEPS2_y called 0 returned 0% blocks executed 0%
    #####:  119:      deallocate(pointer __p, size_type)
    %%%%%:  119-block  0
        -:  120:      {
        -:  121:#if __cpp_aligned_new
        -:  122:	if (alignof(_Tp) > __STDCPP_DEFAULT_NEW_ALIGNMENT__)
        -:  123:	  {
        -:  124:	    ::operator delete(__p, std::align_val_t(alignof(_Tp)));
        -:  125:	    return;
        -:  126:	  }
        -:  127:#endif
    #####:  128:	::operator delete(__p);
    %%%%%:  128-block  0
call    0 never executed
        -:  129:      }
------------------
_ZN9__gnu_cxx13new_allocatorIPN7testing8TestInfoEE10deallocateEPS3_y:
function _ZN9__gnu_cxx13new_allocatorIPN7testing8TestInfoEE10deallocateEPS3_y called 4 returned 100% blocks executed 100%
        4:  119:      deallocate(pointer __p, size_type)
        4:  119-block  0
        -:  120:      {
        -:  121:#if __cpp_aligned_new
        -:  122:	if (alignof(_Tp) > __STDCPP_DEFAULT_NEW_ALIGNMENT__)
        -:  123:	  {
        -:  124:	    ::operator delete(__p, std::align_val_t(alignof(_Tp)));
        -:  125:	    return;
        -:  126:	  }
        -:  127:#endif
        4:  128:	::operator delete(__p);
        4:  128-block  0
call    0 returned 4
        -:  129:      }
------------------
_ZN9__gnu_cxx13new_allocatorIiE10deallocateEPiy:
function _ZN9__gnu_cxx13new_allocatorIiE10deallocateEPiy called 0 returned 0% blocks executed 0%
    #####:  119:      deallocate(pointer __p, size_type)
    %%%%%:  119-block  0
        -:  120:      {
        -:  121:#if __cpp_aligned_new
        -:  122:	if (alignof(_Tp) > __STDCPP_DEFAULT_NEW_ALIGNMENT__)
        -:  123:	  {
        -:  124:	    ::operator delete(__p, std::align_val_t(alignof(_Tp)));
        -:  125:	    return;
        -:  126:	  }
        -:  127:#endif
    #####:  128:	::operator delete(__p);
    %%%%%:  128-block  0
call    0 never executed
        -:  129:      }
------------------
_ZN9__gnu_cxx13new_allocatorIPN7testing17TestEventListenerEE10deallocateEPS3_y:
function _ZN9__gnu_cxx13new_allocatorIPN7testing17TestEventListenerEE10deallocateEPS3_y called 0 returned 0% blocks executed 0%
    #####:  119:      deallocate(pointer __p, size_type)
    %%%%%:  119-block  0
        -:  120:      {
        -:  121:#if __cpp_aligned_new
        -:  122:	if (alignof(_Tp) > __STDCPP_DEFAULT_NEW_ALIGNMENT__)
        -:  123:	  {
        -:  124:	    ::operator delete(__p, std::align_val_t(alignof(_Tp)));
        -:  125:	    return;
        -:  126:	  }
        -:  127:#endif
    #####:  128:	::operator delete(__p);
    %%%%%:  128-block  0
call    0 never executed
        -:  129:      }
------------------
_ZN9__gnu_cxx13new_allocatorIPN7testing11EnvironmentEE10deallocateEPS3_y:
function _ZN9__gnu_cxx13new_allocatorIPN7testing11EnvironmentEE10deallocateEPS3_y called 0 returned 0% blocks executed 0%
    #####:  119:      deallocate(pointer __p, size_type)
    %%%%%:  119-block  0
        -:  120:      {
        -:  121:#if __cpp_aligned_new
        -:  122:	if (alignof(_Tp) > __STDCPP_DEFAULT_NEW_ALIGNMENT__)
        -:  123:	  {
        -:  124:	    ::operator delete(__p, std::align_val_t(alignof(_Tp)));
        -:  125:	    return;
        -:  126:	  }
        -:  127:#endif
    #####:  128:	::operator delete(__p);
    %%%%%:  128-block  0
call    0 never executed
        -:  129:      }
------------------
_ZN9__gnu_cxx13new_allocatorINSt8__detail10_Hash_nodeINSt7__cxx1112basic_stringIcSt11char_traitsIcESaIcEEELb1EEEE10deallocateEPS9_y:
function _ZN9__gnu_cxx13new_allocatorINSt8__detail10_Hash_nodeINSt7__cxx1112basic_stringIcSt11char_traitsIcESaIcEEELb1EEEE10deallocateEPS9_y called 0 returned 0% blocks executed 0%
    #####:  119:      deallocate(pointer __p, size_type)
    %%%%%:  119-block  0
        -:  120:      {
        -:  121:#if __cpp_aligned_new
        -:  122:	if (alignof(_Tp) > __STDCPP_DEFAULT_NEW_ALIGNMENT__)
        -:  123:	  {
        -:  124:	    ::operator delete(__p, std::align_val_t(alignof(_Tp)));
        -:  125:	    return;
        -:  126:	  }
        -:  127:#endif
    #####:  128:	::operator delete(__p);
    %%%%%:  128-block  0
call    0 never executed
        -:  129:      }
------------------
_ZN9__gnu_cxx13new_allocatorIwE10deallocateEPwy:
function _ZN9__gnu_cxx13new_allocatorIwE10deallocateEPwy called 0 returned 0% blocks executed 0%
    #####:  119:      deallocate(pointer __p, size_type)
    %%%%%:  119-block  0
        -:  120:      {
        -:  121:#if __cpp_aligned_new
        -:  122:	if (alignof(_Tp) > __STDCPP_DEFAULT_NEW_ALIGNMENT__)
        -:  123:	  {
        -:  124:	    ::operator delete(__p, std::align_val_t(alignof(_Tp)));
        -:  125:	    return;
        -:  126:	  }
        -:  127:#endif
    #####:  128:	::operator delete(__p);
    %%%%%:  128-block  0
call    0 never executed
        -:  129:      }
------------------
_ZN9__gnu_cxx13new_allocatorIdE10deallocateEPdy:
function _ZN9__gnu_cxx13new_allocatorIdE10deallocateEPdy called 0 returned 0% blocks executed 0%
    #####:  119:      deallocate(pointer __p, size_type)
    %%%%%:  119-block  0
        -:  120:      {
        -:  121:#if __cpp_aligned_new
        -:  122:	if (alignof(_Tp) > __STDCPP_DEFAULT_NEW_ALIGNMENT__)
        -:  123:	  {
        -:  124:	    ::operator delete(__p, std::align_val_t(alignof(_Tp)));
        -:  125:	    return;
        -:  126:	  }
        -:  127:#endif
    #####:  128:	::operator delete(__p);
    %%%%%:  128-block  0
call    0 never executed
        -:  129:      }
------------------
_ZN9__gnu_cxx13new_allocatorISt6vectorIdSaIdEEE10deallocateEPS3_y:
function _ZN9__gnu_cxx13new_allocatorISt6vectorIdSaIdEEE10deallocateEPS3_y called 0 returned 0% blocks executed 0%
    #####:  119:      deallocate(pointer __p, size_type)
    %%%%%:  119-block  0
        -:  120:      {
        -:  121:#if __cpp_aligned_new
        -:  122:	if (alignof(_Tp) > __STDCPP_DEFAULT_NEW_ALIGNMENT__)
        -:  123:	  {
        -:  124:	    ::operator delete(__p, std::align_val_t(alignof(_Tp)));
        -:  125:	    return;
        -:  126:	  }
        -:  127:#endif
    #####:  128:	::operator delete(__p);
    %%%%%:  128-block  0
call    0 never executed
        -:  129:      }
------------------
_ZN9__gnu_cxx13new_allocatorISt6vectorIN7testing8internal13edit_distance8EditTypeESaIS5_EEE10deallocateEPS7_y:
function _ZN9__gnu_cxx13new_allocatorISt6vectorIN7testing8internal13edit_distance8EditTypeESaIS5_EEE10deallocateEPS7_y called 0 returned 0% blocks executed 0%
    #####:  119:      deallocate(pointer __p, size_type)
    %%%%%:  119-block  0
        -:  120:      {
        -:  121:#if __cpp_aligned_new
        -:  122:	if (alignof(_Tp) > __STDCPP_DEFAULT_NEW_ALIGNMENT__)
        -:  123:	  {
        -:  124:	    ::operator delete(__p, std::align_val_t(alignof(_Tp)));
        -:  125:	    return;
        -:  126:	  }
        -:  127:#endif
    #####:  128:	::operator delete(__p);
    %%%%%:  128-block  0
call    0 never executed
        -:  129:      }
------------------
_ZN9__gnu_cxx13new_allocatorISt10_List_nodeISt4pairIcPKcEEE10deallocateEPS6_y:
function _ZN9__gnu_cxx13new_allocatorISt10_List_nodeISt4pairIcPKcEEE10deallocateEPS6_y called 0 returned 0% blocks executed 0%
    #####:  119:      deallocate(pointer __p, size_type)
    %%%%%:  119-block  0
        -:  120:      {
        -:  121:#if __cpp_aligned_new
        -:  122:	if (alignof(_Tp) > __STDCPP_DEFAULT_NEW_ALIGNMENT__)
        -:  123:	  {
        -:  124:	    ::operator delete(__p, std::align_val_t(alignof(_Tp)));
        -:  125:	    return;
        -:  126:	  }
        -:  127:#endif
    #####:  128:	::operator delete(__p);
    %%%%%:  128-block  0
call    0 never executed
        -:  129:      }
------------------
_ZN9__gnu_cxx13new_allocatorIN7testing8internal9TraceInfoEE10deallocateEPS3_y:
function _ZN9__gnu_cxx13new_allocatorIN7testing8internal9TraceInfoEE10deallocateEPS3_y called 0 returned 0% blocks executed 0%
    #####:  119:      deallocate(pointer __p, size_type)
    %%%%%:  119-block  0
        -:  120:      {
        -:  121:#if __cpp_aligned_new
        -:  122:	if (alignof(_Tp) > __STDCPP_DEFAULT_NEW_ALIGNMENT__)
        -:  123:	  {
        -:  124:	    ::operator delete(__p, std::align_val_t(alignof(_Tp)));
        -:  125:	    return;
        -:  126:	  }
        -:  127:#endif
    #####:  128:	::operator delete(__p);
    %%%%%:  128-block  0
call    0 never executed
        -:  129:      }
------------------
_ZN9__gnu_cxx13new_allocatorISt13_Rb_tree_nodeISt4pairIKPKN7testing8internal15ThreadLocalBaseESt10shared_ptrINS4_26ThreadLocalValueHolderBaseEEEEE10deallocateEPSD_y:
function _ZN9__gnu_cxx13new_allocatorISt13_Rb_tree_nodeISt4pairIKPKN7testing8internal15ThreadLocalBaseESt10shared_ptrINS4_26ThreadLocalValueHolderBaseEEEEE10deallocateEPSD_y called 0 returned 0% blocks executed 0%
    #####:  119:      deallocate(pointer __p, size_type)
    %%%%%:  119-block  0
        -:  120:      {
        -:  121:#if __cpp_aligned_new
        -:  122:	if (alignof(_Tp) > __STDCPP_DEFAULT_NEW_ALIGNMENT__)
        -:  123:	  {
        -:  124:	    ::operator delete(__p, std::align_val_t(alignof(_Tp)));
        -:  125:	    return;
        -:  126:	  }
        -:  127:#endif
    #####:  128:	::operator delete(__p);
    %%%%%:  128-block  0
call    0 never executed
        -:  129:      }
------------------
_ZN9__gnu_cxx13new_allocatorISt13_Rb_tree_nodeISt4pairIKmSt3mapIPKN7testing8internal15ThreadLocalBaseESt10shared_ptrINS6_26ThreadLocalValueHolderBaseEESt4lessIS9_ESaIS2_IKS9_SC_EEEEEE10deallocateEPSK_y:
function _ZN9__gnu_cxx13new_allocatorISt13_Rb_tree_nodeISt4pairIKmSt3mapIPKN7testing8internal15ThreadLocalBaseESt10shared_ptrINS6_26ThreadLocalValueHolderBaseEESt4lessIS9_ESaIS2_IKS9_SC_EEEEEE10deallocateEPSK_y called 0 returned 0% blocks executed 0%
    #####:  119:      deallocate(pointer __p, size_type)
    %%%%%:  119-block  0
        -:  120:      {
        -:  121:#if __cpp_aligned_new
        -:  122:	if (alignof(_Tp) > __STDCPP_DEFAULT_NEW_ALIGNMENT__)
        -:  123:	  {
        -:  124:	    ::operator delete(__p, std::align_val_t(alignof(_Tp)));
        -:  125:	    return;
        -:  126:	  }
        -:  127:#endif
    #####:  128:	::operator delete(__p);
    %%%%%:  128-block  0
call    0 never executed
        -:  129:      }
------------------
_ZN9__gnu_cxx13new_allocatorISt13_Rb_tree_nodeINSt7__cxx1112basic_stringIcSt11char_traitsIcESaIcEEEEE10deallocateEPS8_y:
function _ZN9__gnu_cxx13new_allocatorISt13_Rb_tree_nodeINSt7__cxx1112basic_stringIcSt11char_traitsIcESaIcEEEEE10deallocateEPS8_y called 0 returned 0% blocks executed 0%
    #####:  119:      deallocate(pointer __p, size_type)
    %%%%%:  119-block  0
        -:  120:      {
        -:  121:#if __cpp_aligned_new
        -:  122:	if (alignof(_Tp) > __STDCPP_DEFAULT_NEW_ALIGNMENT__)
        -:  123:	  {
        -:  124:	    ::operator delete(__p, std::align_val_t(alignof(_Tp)));
        -:  125:	    return;
        -:  126:	  }
        -:  127:#endif
    #####:  128:	::operator delete(__p);
    %%%%%:  128-block  0
call    0 never executed
        -:  129:      }
------------------
_ZN9__gnu_cxx13new_allocatorISt13_Rb_tree_nodeISt4pairIKNSt7__cxx1112basic_stringIcSt11char_traitsIcESaIcEEEN7testing8internal34TypeParameterizedTestSuiteRegistry30TypeParameterizedTestSuiteInfoEEEE10deallocateEPSF_y:
function _ZN9__gnu_cxx13new_allocatorISt13_Rb_tree_nodeISt4pairIKNSt7__cxx1112basic_stringIcSt11char_traitsIcESaIcEEEN7testing8internal34TypeParameterizedTestSuiteRegistry30TypeParameterizedTestSuiteInfoEEEE10deallocateEPSF_y called 0 returned 0% blocks executed 0%
    #####:  119:      deallocate(pointer __p, size_type)
    %%%%%:  119-block  0
        -:  120:      {
        -:  121:#if __cpp_aligned_new
        -:  122:	if (alignof(_Tp) > __STDCPP_DEFAULT_NEW_ALIGNMENT__)
        -:  123:	  {
        -:  124:	    ::operator delete(__p, std::align_val_t(alignof(_Tp)));
        -:  125:	    return;
        -:  126:	  }
        -:  127:#endif
    #####:  128:	::operator delete(__p);
    %%%%%:  128-block  0
call    0 never executed
        -:  129:      }
------------------
_ZN9__gnu_cxx13new_allocatorIPNSt8__detail15_Hash_node_baseEE10deallocateEPS3_y:
function _ZN9__gnu_cxx13new_allocatorIPNSt8__detail15_Hash_node_baseEE10deallocateEPS3_y called 0 returned 0% blocks executed 0%
    #####:  119:      deallocate(pointer __p, size_type)
    %%%%%:  119-block  0
        -:  120:      {
        -:  121:#if __cpp_aligned_new
        -:  122:	if (alignof(_Tp) > __STDCPP_DEFAULT_NEW_ALIGNMENT__)
        -:  123:	  {
        -:  124:	    ::operator delete(__p, std::align_val_t(alignof(_Tp)));
        -:  125:	    return;
        -:  126:	  }
        -:  127:#endif
    #####:  128:	::operator delete(__p);
    %%%%%:  128-block  0
call    0 never executed
        -:  129:      }
------------------
_ZN9__gnu_cxx13new_allocatorISt13_Rb_tree_nodeISt4pairIKNSt7__cxx1112basic_stringIcSt11char_traitsIcESaIcEEEyEEE10deallocateEPSB_y:
function _ZN9__gnu_cxx13new_allocatorISt13_Rb_tree_nodeISt4pairIKNSt7__cxx1112basic_stringIcSt11char_traitsIcESaIcEEEyEEE10deallocateEPSB_y called 0 returned 0% blocks executed 0%
    #####:  119:      deallocate(pointer __p, size_type)
    %%%%%:  119-block  0
        -:  120:      {
        -:  121:#if __cpp_aligned_new
        -:  122:	if (alignof(_Tp) > __STDCPP_DEFAULT_NEW_ALIGNMENT__)
        -:  123:	  {
        -:  124:	    ::operator delete(__p, std::align_val_t(alignof(_Tp)));
        -:  125:	    return;
        -:  126:	  }
        -:  127:#endif
    #####:  128:	::operator delete(__p);
    %%%%%:  128-block  0
call    0 never executed
        -:  129:      }
------------------
        -:  130:
        -:  131:      size_type
      52*:  132:      max_size() const _GLIBCXX_USE_NOEXCEPT
        -:  133:      {
        -:  134:#if __PTRDIFF_MAX__ < __SIZE_MAX__
      52*:  135:	return size_t(__PTRDIFF_MAX__) / sizeof(_Tp);
        -:  136:#else
        -:  137:	return size_t(-1) / sizeof(_Tp);
        -:  138:#endif
        -:  139:      }
------------------
_ZNK9__gnu_cxx13new_allocatorIN7testing8internal9TraceInfoEE8max_sizeEv:
function _ZNK9__gnu_cxx13new_allocatorIN7testing8internal9TraceInfoEE8max_sizeEv called 0 returned 0% blocks executed 0%
    #####:  132:      max_size() const _GLIBCXX_USE_NOEXCEPT
        -:  133:      {
        -:  134:#if __PTRDIFF_MAX__ < __SIZE_MAX__
    #####:  135:	return size_t(__PTRDIFF_MAX__) / sizeof(_Tp);
    %%%%%:  135-block  0
        -:  136:#else
        -:  137:	return size_t(-1) / sizeof(_Tp);
        -:  138:#endif
        -:  139:      }
------------------
_ZNK9__gnu_cxx13new_allocatorIcE8max_sizeEv:
function _ZNK9__gnu_cxx13new_allocatorIcE8max_sizeEv called 0 returned 0% blocks executed 0%
    #####:  132:      max_size() const _GLIBCXX_USE_NOEXCEPT
        -:  133:      {
        -:  134:#if __PTRDIFF_MAX__ < __SIZE_MAX__
    #####:  135:	return size_t(__PTRDIFF_MAX__) / sizeof(_Tp);
    %%%%%:  135-block  0
        -:  136:#else
        -:  137:	return size_t(-1) / sizeof(_Tp);
        -:  138:#endif
        -:  139:      }
------------------
_ZNK9__gnu_cxx13new_allocatorINSt7__cxx1112basic_stringIcSt11char_traitsIcESaIcEEEE8max_sizeEv:
function _ZNK9__gnu_cxx13new_allocatorINSt7__cxx1112basic_stringIcSt11char_traitsIcESaIcEEEE8max_sizeEv called 31 returned 100% blocks executed 100%
       31:  132:      max_size() const _GLIBCXX_USE_NOEXCEPT
        -:  133:      {
        -:  134:#if __PTRDIFF_MAX__ < __SIZE_MAX__
       31:  135:	return size_t(__PTRDIFF_MAX__) / sizeof(_Tp);
       31:  135-block  0
        -:  136:#else
        -:  137:	return size_t(-1) / sizeof(_Tp);
        -:  138:#endif
        -:  139:      }
------------------
_ZNK9__gnu_cxx13new_allocatorIdE8max_sizeEv:
function _ZNK9__gnu_cxx13new_allocatorIdE8max_sizeEv called 0 returned 0% blocks executed 0%
    #####:  132:      max_size() const _GLIBCXX_USE_NOEXCEPT
        -:  133:      {
        -:  134:#if __PTRDIFF_MAX__ < __SIZE_MAX__
    #####:  135:	return size_t(__PTRDIFF_MAX__) / sizeof(_Tp);
    %%%%%:  135-block  0
        -:  136:#else
        -:  137:	return size_t(-1) / sizeof(_Tp);
        -:  138:#endif
        -:  139:      }
------------------
_ZNK9__gnu_cxx13new_allocatorISt6vectorIdSaIdEEE8max_sizeEv:
function _ZNK9__gnu_cxx13new_allocatorISt6vectorIdSaIdEEE8max_sizeEv called 0 returned 0% blocks executed 0%
    #####:  132:      max_size() const _GLIBCXX_USE_NOEXCEPT
        -:  133:      {
        -:  134:#if __PTRDIFF_MAX__ < __SIZE_MAX__
    #####:  135:	return size_t(__PTRDIFF_MAX__) / sizeof(_Tp);
    %%%%%:  135-block  0
        -:  136:#else
        -:  137:	return size_t(-1) / sizeof(_Tp);
        -:  138:#endif
        -:  139:      }
------------------
_ZNK9__gnu_cxx13new_allocatorIN7testing8internal13edit_distance8EditTypeEE8max_sizeEv:
function _ZNK9__gnu_cxx13new_allocatorIN7testing8internal13edit_distance8EditTypeEE8max_sizeEv called 0 returned 0% blocks executed 0%
    #####:  132:      max_size() const _GLIBCXX_USE_NOEXCEPT
        -:  133:      {
        -:  134:#if __PTRDIFF_MAX__ < __SIZE_MAX__
    #####:  135:	return size_t(__PTRDIFF_MAX__) / sizeof(_Tp);
    %%%%%:  135-block  0
        -:  136:#else
        -:  137:	return size_t(-1) / sizeof(_Tp);
        -:  138:#endif
        -:  139:      }
------------------
_ZNK9__gnu_cxx13new_allocatorISt6vectorIN7testing8internal13edit_distance8EditTypeESaIS5_EEE8max_sizeEv:
function _ZNK9__gnu_cxx13new_allocatorISt6vectorIN7testing8internal13edit_distance8EditTypeESaIS5_EEE8max_sizeEv called 0 returned 0% blocks executed 0%
    #####:  132:      max_size() const _GLIBCXX_USE_NOEXCEPT
        -:  133:      {
        -:  134:#if __PTRDIFF_MAX__ < __SIZE_MAX__
    #####:  135:	return size_t(__PTRDIFF_MAX__) / sizeof(_Tp);
    %%%%%:  135-block  0
        -:  136:#else
        -:  137:	return size_t(-1) / sizeof(_Tp);
        -:  138:#endif
        -:  139:      }
------------------
_ZNK9__gnu_cxx13new_allocatorISt10shared_ptrIN7testing8internal26ThreadLocalValueHolderBaseEEE8max_sizeEv:
function _ZNK9__gnu_cxx13new_allocatorISt10shared_ptrIN7testing8internal26ThreadLocalValueHolderBaseEEE8max_sizeEv called 0 returned 0% blocks executed 0%
    #####:  132:      max_size() const _GLIBCXX_USE_NOEXCEPT
        -:  133:      {
        -:  134:#if __PTRDIFF_MAX__ < __SIZE_MAX__
    #####:  135:	return size_t(__PTRDIFF_MAX__) / sizeof(_Tp);
    %%%%%:  135-block  0
        -:  136:#else
        -:  137:	return size_t(-1) / sizeof(_Tp);
        -:  138:#endif
        -:  139:      }
------------------
_ZNK9__gnu_cxx13new_allocatorIN7testing14TestPartResultEE8max_sizeEv:
function _ZNK9__gnu_cxx13new_allocatorIN7testing14TestPartResultEE8max_sizeEv called 0 returned 0% blocks executed 0%
    #####:  132:      max_size() const _GLIBCXX_USE_NOEXCEPT
        -:  133:      {
        -:  134:#if __PTRDIFF_MAX__ < __SIZE_MAX__
    #####:  135:	return size_t(__PTRDIFF_MAX__) / sizeof(_Tp);
    %%%%%:  135-block  0
        -:  136:#else
        -:  137:	return size_t(-1) / sizeof(_Tp);
        -:  138:#endif
        -:  139:      }
------------------
_ZNK9__gnu_cxx13new_allocatorIN7testing12TestPropertyEE8max_sizeEv:
function _ZNK9__gnu_cxx13new_allocatorIN7testing12TestPropertyEE8max_sizeEv called 0 returned 0% blocks executed 0%
    #####:  132:      max_size() const _GLIBCXX_USE_NOEXCEPT
        -:  133:      {
        -:  134:#if __PTRDIFF_MAX__ < __SIZE_MAX__
    #####:  135:	return size_t(__PTRDIFF_MAX__) / sizeof(_Tp);
    %%%%%:  135-block  0
        -:  136:#else
        -:  137:	return size_t(-1) / sizeof(_Tp);
        -:  138:#endif
        -:  139:      }
------------------
_ZNK9__gnu_cxx13new_allocatorIPN7testing8TestInfoEE8max_sizeEv:
function _ZNK9__gnu_cxx13new_allocatorIPN7testing8TestInfoEE8max_sizeEv called 15 returned 100% blocks executed 100%
       15:  132:      max_size() const _GLIBCXX_USE_NOEXCEPT
        -:  133:      {
        -:  134:#if __PTRDIFF_MAX__ < __SIZE_MAX__
       15:  135:	return size_t(__PTRDIFF_MAX__) / sizeof(_Tp);
       15:  135-block  0
        -:  136:#else
        -:  137:	return size_t(-1) / sizeof(_Tp);
        -:  138:#endif
        -:  139:      }
------------------
_ZNK9__gnu_cxx13new_allocatorIPN7testing17TestEventListenerEE8max_sizeEv:
function _ZNK9__gnu_cxx13new_allocatorIPN7testing17TestEventListenerEE8max_sizeEv called 3 returned 100% blocks executed 100%
        3:  132:      max_size() const _GLIBCXX_USE_NOEXCEPT
        -:  133:      {
        -:  134:#if __PTRDIFF_MAX__ < __SIZE_MAX__
        3:  135:	return size_t(__PTRDIFF_MAX__) / sizeof(_Tp);
        3:  135-block  0
        -:  136:#else
        -:  137:	return size_t(-1) / sizeof(_Tp);
        -:  138:#endif
        -:  139:      }
------------------
_ZNK9__gnu_cxx13new_allocatorIPN7testing11EnvironmentEE8max_sizeEv:
[...]
    %%%%%:  147-block  0
call    0 never executed
call    1 never executed
------------------
_ZN9__gnu_cxx13new_allocatorIN7testing8internal9TraceInfoEE9constructIS3_JRKS3_EEEvPT_DpOT0_:
function _ZN9__gnu_cxx13new_allocatorIN7testing8internal9TraceInfoEE9constructIS3_JRKS3_EEEvPT_DpOT0_ called 0 returned 0% blocks executed 0%
    #####:  144:	construct(_Up* __p, _Args&&... __args)
        -:  145:	noexcept(noexcept(::new((void *)__p)
        -:  146:			    _Up(std::forward<_Args>(__args)...)))
    #####:  147:	{ ::new((void *)__p) _Up(std::forward<_Args>(__args)...); }
    %%%%%:  147-block  0
call    0 never executed
call    1 never executed
call    2 never executed
branch  3 never executed
branch  4 never executed
    %%%%%:  147-block  1
    $$$$$:  147-block  2
call    5 never executed
------------------
_ZN9__gnu_cxx13new_allocatorIPN7testing9TestSuiteEE9constructIS3_JRKS3_EEEvPT_DpOT0_:
function _ZN9__gnu_cxx13new_allocatorIPN7testing9TestSuiteEE9constructIS3_JRKS3_EEEvPT_DpOT0_ called 1 returned 100% blocks executed 100%
        1:  144:	construct(_Up* __p, _Args&&... __args)
        -:  145:	noexcept(noexcept(::new((void *)__p)
        -:  146:			    _Up(std::forward<_Args>(__args)...)))
        1:  147:	{ ::new((void *)__p) _Up(std::forward<_Args>(__args)...); }
        1:  147-block  0
call    0 returned 1
call    1 returned 1
------------------
_ZN9__gnu_cxx13new_allocatorINSt7__cxx1112basic_stringIcSt11char_traitsIcESaIcEEEE9constructIS6_JS6_EEEvPT_DpOT0_:
function _ZN9__gnu_cxx13new_allocatorINSt7__cxx1112basic_stringIcSt11char_traitsIcESaIcEEEE9constructIS6_JS6_EEEvPT_DpOT0_ called 16 returned 100% blocks executed 100%
       16:  144:	construct(_Up* __p, _Args&&... __args)
        -:  145:	noexcept(noexcept(::new((void *)__p)
        -:  146:			    _Up(std::forward<_Args>(__args)...)))
       16:  147:	{ ::new((void *)__p) _Up(std::forward<_Args>(__args)...); }
       16:  147-block  0
call    0 returned 16
call    1 returned 16
call    2 returned 16
------------------
_ZN9__gnu_cxx13new_allocatorIyE9constructIyJyEEEvPT_DpOT0_:
function _ZN9__gnu_cxx13new_allocatorIyE9constructIyJyEEEvPT_DpOT0_ called 0 returned 0% blocks executed 0%
    #####:  144:	construct(_Up* __p, _Args&&... __args)
        -:  145:	noexcept(noexcept(::new((void *)__p)
        -:  146:			    _Up(std::forward<_Args>(__args)...)))
    #####:  147:	{ ::new((void *)__p) _Up(std::forward<_Args>(__args)...); }
    %%%%%:  147-block  0
call    0 never executed
call    1 never executed
------------------
_ZN9__gnu_cxx13new_allocatorIiE9constructIiJiEEEvPT_DpOT0_:
function _ZN9__gnu_cxx13new_allocatorIiE9constructIiJiEEEvPT_DpOT0_ called 10 returned 100% blocks executed 100%
       10:  144:	construct(_Up* __p, _Args&&... __args)
        -:  145:	noexcept(noexcept(::new((void *)__p)
        -:  146:			    _Up(std::forward<_Args>(__args)...)))
       10:  147:	{ ::new((void *)__p) _Up(std::forward<_Args>(__args)...); }
       10:  147-block  0
call    0 returned 10
call    1 returned 10
------------------
_ZN9__gnu_cxx13new_allocatorINSt8__detail10_Hash_nodeINSt7__cxx1112basic_stringIcSt11char_traitsIcESaIcEEELb1EEEE9constructIS8_JS8_EEEvPT_DpOT0_:
function _ZN9__gnu_cxx13new_allocatorINSt8__detail10_Hash_nodeINSt7__cxx1112basic_stringIcSt11char_traitsIcESaIcEEELb1EEEE9constructIS8_JS8_EEEvPT_DpOT0_ called 0 returned 0% blocks executed 0%
    #####:  144:	construct(_Up* __p, _Args&&... __args)
        -:  145:	noexcept(noexcept(::new((void *)__p)
        -:  146:			    _Up(std::forward<_Args>(__args)...)))
    #####:  147:	{ ::new((void *)__p) _Up(std::forward<_Args>(__args)...); }
    %%%%%:  147-block  0
call    0 never executed
call    1 never executed
call    2 never executed
------------------
_ZN9__gnu_cxx13new_allocatorISt10_List_nodeISt4pairIcPKcEEE9constructIS5_JS5_EEEvPT_DpOT0_:
function _ZN9__gnu_cxx13new_allocatorISt10_List_nodeISt4pairIcPKcEEE9constructIS5_JS5_EEEvPT_DpOT0_ called 0 returned 0% blocks executed 0%
    #####:  144:	construct(_Up* __p, _Args&&... __args)
        -:  145:	noexcept(noexcept(::new((void *)__p)
        -:  146:			    _Up(std::forward<_Args>(__args)...)))
    #####:  147:	{ ::new((void *)__p) _Up(std::forward<_Args>(__args)...); }
    %%%%%:  147-block  0
call    0 never executed
call    1 never executed
------------------
_ZN9__gnu_cxx13new_allocatorISt13_Rb_tree_nodeISt4pairIKmSt3mapIPKN7testing8internal15ThreadLocalBaseESt10shared_ptrINS6_26ThreadLocalValueHolderBaseEESt4lessIS9_ESaIS2_IKS9_SC_EEEEEE9constructISJ_JS2_ImSI_EEEEvPT_DpOT0_:
function _ZN9__gnu_cxx13new_allocatorISt13_Rb_tree_nodeISt4pairIKmSt3mapIPKN7testing8internal15ThreadLocalBaseESt10shared_ptrINS6_26ThreadLocalValueHolderBaseEESt4lessIS9_ESaIS2_IKS9_SC_EEEEEE9constructISJ_JS2_ImSI_EEEEvPT_DpOT0_ called 0 returned 0% blocks executed 0%
    #####:  144:	construct(_Up* __p, _Args&&... __args)
        -:  145:	noexcept(noexcept(::new((void *)__p)
        -:  146:			    _Up(std::forward<_Args>(__args)...)))
    #####:  147:	{ ::new((void *)__p) _Up(std::forward<_Args>(__args)...); }
    %%%%%:  147-block  0
call    0 never executed
call    1 never executed
call    2 never executed
------------------
_ZN9__gnu_cxx13new_allocatorISt13_Rb_tree_nodeISt4pairIKPKN7testing8internal15ThreadLocalBaseESt10shared_ptrINS4_26ThreadLocalValueHolderBaseEEEEE9constructISC_JS2_IS7_SB_EEEEvPT_DpOT0_:
function _ZN9__gnu_cxx13new_allocatorISt13_Rb_tree_nodeISt4pairIKPKN7testing8internal15ThreadLocalBaseESt10shared_ptrINS4_26ThreadLocalValueHolderBaseEEEEE9constructISC_JS2_IS7_SB_EEEEvPT_DpOT0_ called 0 returned 0% blocks executed 0%
    #####:  144:	construct(_Up* __p, _Args&&... __args)
        -:  145:	noexcept(noexcept(::new((void *)__p)
        -:  146:			    _Up(std::forward<_Args>(__args)...)))
    #####:  147:	{ ::new((void *)__p) _Up(std::forward<_Args>(__args)...); }
    %%%%%:  147-block  0
call    0 never executed
call    1 never executed
call    2 never executed
------------------
_ZN9__gnu_cxx13new_allocatorISt13_Rb_tree_nodeISt4pairIKNSt7__cxx1112basic_stringIcSt11char_traitsIcESaIcEEEN7testing8internal34TypeParameterizedTestSuiteRegistry30TypeParameterizedTestSuiteInfoEEEE9constructISE_JS8_SD_EEEvPT_DpOT0_:
function _ZN9__gnu_cxx13new_allocatorISt13_Rb_tree_nodeISt4pairIKNSt7__cxx1112basic_stringIcSt11char_traitsIcESaIcEEEN7testing8internal34TypeParameterizedTestSuiteRegistry30TypeParameterizedTestSuiteInfoEEEE9constructISE_JS8_SD_EEEvPT_DpOT0_ called 0 returned 0% blocks executed 0%
    #####:  144:	construct(_Up* __p, _Args&&... __args)
        -:  145:	noexcept(noexcept(::new((void *)__p)
        -:  146:			    _Up(std::forward<_Args>(__args)...)))
    #####:  147:	{ ::new((void *)__p) _Up(std::forward<_Args>(__args)...); }
    %%%%%:  147-block  0
call    0 never executed
call    1 never executed
call    2 never executed
call    3 never executed
------------------
_ZN9__gnu_cxx13new_allocatorISt13_Rb_tree_nodeISt4pairIKNSt7__cxx1112basic_stringIcSt11char_traitsIcESaIcEEEyEEE9constructISA_JRKSt21piecewise_construct_tSt5tupleIJRS9_EESH_IJEEEEEvPT_DpOT0_:
function _ZN9__gnu_cxx13new_allocatorISt13_Rb_tree_nodeISt4pairIKNSt7__cxx1112basic_stringIcSt11char_traitsIcESaIcEEEyEEE9constructISA_JRKSt21piecewise_construct_tSt5tupleIJRS9_EESH_IJEEEEEvPT_DpOT0_ called 0 returned 0% blocks executed 0%
    #####:  144:	construct(_Up* __p, _Args&&... __args)
        -:  145:	noexcept(noexcept(::new((void *)__p)
        -:  146:			    _Up(std::forward<_Args>(__args)...)))
    #####:  147:	{ ::new((void *)__p) _Up(std::forward<_Args>(__args)...); }
    %%%%%:  147-block  0
call    0 never executed
call    1 never executed
call    2 never executed
call    3 never executed
call    4 never executed
call    5 never executed
branch  6 never executed
branch  7 never executed
    %%%%%:  147-block  1
    $$$$$:  147-block  2
call    8 never executed
    $$$$$:  147-block  3
    $$$$$:  147-block  4
------------------
_ZN9__gnu_cxx13new_allocatorISt13_Rb_tree_nodeINSt7__cxx1112basic_stringIcSt11char_traitsIcESaIcEEEEE9constructIS7_JRKS7_EEEvPT_DpOT0_:
function _ZN9__gnu_cxx13new_allocatorISt13_Rb_tree_nodeINSt7__cxx1112basic_stringIcSt11char_traitsIcESaIcEEEEE9constructIS7_JRKS7_EEEvPT_DpOT0_ called 0 returned 0% blocks executed 0%
    #####:  144:	construct(_Up* __p, _Args&&... __args)
        -:  145:	noexcept(noexcept(::new((void *)__p)
        -:  146:			    _Up(std::forward<_Args>(__args)...)))
    #####:  147:	{ ::new((void *)__p) _Up(std::forward<_Args>(__args)...); }
    %%%%%:  147-block  0
call    0 never executed
call    1 never executed
call    2 never executed
branch  3 never executed
branch  4 never executed
    %%%%%:  147-block  1
    $$$$$:  147-block  2
call    5 never executed
------------------
_ZN9__gnu_cxx13new_allocatorISt13_Rb_tree_nodeINSt7__cxx1112basic_stringIcSt11char_traitsIcESaIcEEEEE9constructIS7_JS7_EEEvPT_DpOT0_:
function _ZN9__gnu_cxx13new_allocatorISt13_Rb_tree_nodeINSt7__cxx1112basic_stringIcSt11char_traitsIcESaIcEEEEE9constructIS7_JS7_EEEvPT_DpOT0_ called 0 returned 0% blocks executed 0%
    #####:  144:	construct(_Up* __p, _Args&&... __args)
        -:  145:	noexcept(noexcept(::new((void *)__p)
        -:  146:			    _Up(std::forward<_Args>(__args)...)))
    #####:  147:	{ ::new((void *)__p) _Up(std::forward<_Args>(__args)...); }
    %%%%%:  147-block  0
call    0 never executed
call    1 never executed
call    2 never executed
------------------
_ZN9__gnu_cxx13new_allocatorISt10shared_ptrIN7testing8internal26ThreadLocalValueHolderBaseEEE9constructIS5_JS5_EEEvPT_DpOT0_:
function _ZN9__gnu_cxx13new_allocatorISt10shared_ptrIN7testing8internal26ThreadLocalValueHolderBaseEEE9constructIS5_JS5_EEEvPT_DpOT0_ called 0 returned 0% blocks executed 0%
    #####:  144:	construct(_Up* __p, _Args&&... __args)
        -:  145:	noexcept(noexcept(::new((void *)__p)
        -:  146:			    _Up(std::forward<_Args>(__args)...)))
    #####:  147:	{ ::new((void *)__p) _Up(std::forward<_Args>(__args)...); }
    %%%%%:  147-block  0
call    0 never executed
call    1 never executed
call    2 never executed
------------------
_ZN9__gnu_cxx13new_allocatorIN7testing14TestPartResultEE9constructIS2_JS2_EEEvPT_DpOT0_:
function _ZN9__gnu_cxx13new_allocatorIN7testing14TestPartResultEE9constructIS2_JS2_EEEvPT_DpOT0_ called 0 returned 0% blocks executed 0%
    #####:  144:	construct(_Up* __p, _Args&&... __args)
        -:  145:	noexcept(noexcept(::new((void *)__p)
        -:  146:			    _Up(std::forward<_Args>(__args)...)))
    #####:  147:	{ ::new((void *)__p) _Up(std::forward<_Args>(__args)...); }
    %%%%%:  147-block  0
call    0 never executed
call    1 never executed
call    2 never executed
------------------
_ZN9__gnu_cxx13new_allocatorIN7testing12TestPropertyEE9constructIS2_JS2_EEEvPT_DpOT0_:
function _ZN9__gnu_cxx13new_allocatorIN7testing12TestPropertyEE9constructIS2_JS2_EEEvPT_DpOT0_ called 0 returned 0% blocks executed 0%
    #####:  144:	construct(_Up* __p, _Args&&... __args)
        -:  145:	noexcept(noexcept(::new((void *)__p)
        -:  146:			    _Up(std::forward<_Args>(__args)...)))
    #####:  147:	{ ::new((void *)__p) _Up(std::forward<_Args>(__args)...); }
    %%%%%:  147-block  0
call    0 never executed
call    1 never executed
call    2 never executed
------------------
_ZN9__gnu_cxx13new_allocatorIN7testing8internal9TraceInfoEE9constructIS3_JS3_EEEvPT_DpOT0_:
function _ZN9__gnu_cxx13new_allocatorIN7testing8internal9TraceInfoEE9constructIS3_JS3_EEEvPT_DpOT0_ called 0 returned 0% blocks executed 0%
    #####:  144:	construct(_Up* __p, _Args&&... __args)
        -:  145:	noexcept(noexcept(::new((void *)__p)
        -:  146:			    _Up(std::forward<_Args>(__args)...)))
    #####:  147:	{ ::new((void *)__p) _Up(std::forward<_Args>(__args)...); }
    %%%%%:  147-block  0
call    0 never executed
call    1 never executed
call    2 never executed
------------------
        -:  148:
        -:  149:      template<typename _Up>
        -:  150:	void
       3*:  151:	destroy(_Up* __p)
        -:  152:	noexcept(noexcept( __p->~_Up()))
       3*:  153:	{ __p->~_Up(); }
------------------
_ZN9__gnu_cxx13new_allocatorISt13_Rb_tree_nodeISt4pairIKNSt7__cxx1112basic_stringIcSt11char_traitsIcESaIcEEEyEEE7destroyISA_EEvPT_:
function _ZN9__gnu_cxx13new_allocatorISt13_Rb_tree_nodeISt4pairIKNSt7__cxx1112basic_stringIcSt11char_traitsIcESaIcEEEyEEE7destroyISA_EEvPT_ called 0 returned 0% blocks executed 0%
    #####:  151:	destroy(_Up* __p)
        -:  152:	noexcept(noexcept( __p->~_Up()))
    #####:  153:	{ __p->~_Up(); }
    %%%%%:  153-block  0
call    0 never executed
------------------
_ZN9__gnu_cxx13new_allocatorINSt8__detail10_Hash_nodeINSt7__cxx1112basic_stringIcSt11char_traitsIcESaIcEEELb1EEEE7destroyIS8_EEvPT_:
function _ZN9__gnu_cxx13new_allocatorINSt8__detail10_Hash_nodeINSt7__cxx1112basic_stringIcSt11char_traitsIcESaIcEEELb1EEEE7destroyIS8_EEvPT_ called 0 returned 0% blocks executed 0%
    #####:  151:	destroy(_Up* __p)
        -:  152:	noexcept(noexcept( __p->~_Up()))
    #####:  153:	{ __p->~_Up(); }
    %%%%%:  153-block  0
call    0 never executed
------------------
_ZN9__gnu_cxx13new_allocatorISt13_Rb_tree_nodeISt4pairIKNSt7__cxx1112basic_stringIcSt11char_traitsIcESaIcEEEN7testing8internal34TypeParameterizedTestSuiteRegistry30TypeParameterizedTestSuiteInfoEEEE7destroyISE_EEvPT_:
function _ZN9__gnu_cxx13new_allocatorISt13_Rb_tree_nodeISt4pairIKNSt7__cxx1112basic_stringIcSt11char_traitsIcESaIcEEEN7testing8internal34TypeParameterizedTestSuiteRegistry30TypeParameterizedTestSuiteInfoEEEE7destroyISE_EEvPT_ called 0 returned 0% blocks executed 0%
    #####:  151:	destroy(_Up* __p)
        -:  152:	noexcept(noexcept( __p->~_Up()))
    #####:  153:	{ __p->~_Up(); }
    %%%%%:  153-block  0
call    0 never executed
------------------
_ZN9__gnu_cxx13new_allocatorISt13_Rb_tree_nodeINSt7__cxx1112basic_stringIcSt11char_traitsIcESaIcEEEEE7destroyIS7_EEvPT_:
function _ZN9__gnu_cxx13new_allocatorISt13_Rb_tree_nodeINSt7__cxx1112basic_stringIcSt11char_traitsIcESaIcEEEEE7destroyIS7_EEvPT_ called 0 returned 0% blocks executed 0%
    #####:  151:	destroy(_Up* __p)
        -:  152:	noexcept(noexcept( __p->~_Up()))
    #####:  153:	{ __p->~_Up(); }
    %%%%%:  153-block  0
call    0 never executed
------------------
_ZN9__gnu_cxx13new_allocatorISt13_Rb_tree_nodeISt4pairIKmSt3mapIPKN7testing8internal15ThreadLocalBaseESt10shared_ptrINS6_26ThreadLocalValueHolderBaseEESt4lessIS9_ESaIS2_IKS9_SC_EEEEEE7destroyISJ_EEvPT_:
function _ZN9__gnu_cxx13new_allocatorISt13_Rb_tree_nodeISt4pairIKmSt3mapIPKN7testing8internal15ThreadLocalBaseESt10shared_ptrINS6_26ThreadLocalValueHolderBaseEESt4lessIS9_ESaIS2_IKS9_SC_EEEEEE7destroyISJ_EEvPT_ called 0 returned 0% blocks executed 0%
    #####:  151:	destroy(_Up* __p)
        -:  152:	noexcept(noexcept( __p->~_Up()))
    #####:  153:	{ __p->~_Up(); }
    %%%%%:  153-block  0
call    0 never executed
------------------
_ZN9__gnu_cxx13new_allocatorISt13_Rb_tree_nodeISt4pairIKPKN7testing8internal15ThreadLocalBaseESt10shared_ptrINS4_26ThreadLocalValueHolderBaseEEEEE7destroyISC_EEvPT_:
function _ZN9__gnu_cxx13new_allocatorISt13_Rb_tree_nodeISt4pairIKPKN7testing8internal15ThreadLocalBaseESt10shared_ptrINS4_26ThreadLocalValueHolderBaseEEEEE7destroyISC_EEvPT_ called 0 returned 0% blocks executed 0%
    #####:  151:	destroy(_Up* __p)
        -:  152:	noexcept(noexcept( __p->~_Up()))
    #####:  153:	{ __p->~_Up(); }
    %%%%%:  153-block  0
call    0 never executed
------------------
_ZN9__gnu_cxx13new_allocatorINSt7__cxx1112basic_stringIcSt11char_traitsIcESaIcEEEE7destroyIS6_EEvPT_:
function _ZN9__gnu_cxx13new_allocatorINSt7__cxx1112basic_stringIcSt11char_traitsIcESaIcEEEE7destroyIS6_EEvPT_ called 3 returned 100% blocks executed 100%
        3:  151:	destroy(_Up* __p)
        -:  152:	noexcept(noexcept( __p->~_Up()))
        3:  153:	{ __p->~_Up(); }
        3:  153-block  0
call    0 returned 3
------------------
_ZN9__gnu_cxx13new_allocatorIPN7testing9TestSuiteEE7destroyIS3_EEvPT_:
function _ZN9__gnu_cxx13new_allocatorIPN7testing9TestSuiteEE7destroyIS3_EEvPT_ called 0 returned 0% blocks executed 0%
    #####:  151:	destroy(_Up* __p)
        -:  152:	noexcept(noexcept( __p->~_Up()))
    #####:  153:	{ __p->~_Up(); }
------------------
_ZN9__gnu_cxx13new_allocatorIPN7testing17TestEventListenerEE7destroyIS3_EEvPT_:
function _ZN9__gnu_cxx13new_allocatorIPN7testing17TestEventListenerEE7destroyIS3_EEvPT_ called 0 returned 0% blocks executed 0%
    #####:  151:	destroy(_Up* __p)
        -:  152:	noexcept(noexcept( __p->~_Up()))
    #####:  153:	{ __p->~_Up(); }
------------------
_ZN9__gnu_cxx13new_allocatorIN7testing12TestPropertyEE7destroyIS2_EEvPT_:
function _ZN9__gnu_cxx13new_allocatorIN7testing12TestPropertyEE7destroyIS2_EEvPT_ called 0 returned 0% blocks executed 0%
    #####:  151:	destroy(_Up* __p)
        -:  152:	noexcept(noexcept( __p->~_Up()))
    #####:  153:	{ __p->~_Up(); }
    %%%%%:  153-block  0
call    0 never executed
------------------
_ZN9__gnu_cxx13new_allocatorISt10_List_nodeISt4pairIcPKcEEE7destroyIS5_EEvPT_:
function _ZN9__gnu_cxx13new_allocatorISt10_List_nodeISt4pairIcPKcEEE7destroyIS5_EEvPT_ called 0 returned 0% blocks executed 0%
    #####:  151:	destroy(_Up* __p)
        -:  152:	noexcept(noexcept( __p->~_Up()))
    #####:  153:	{ __p->~_Up(); }
------------------
_ZN9__gnu_cxx13new_allocatorIN7testing14TestPartResultEE7destroyIS2_EEvPT_:
function _ZN9__gnu_cxx13new_allocatorIN7testing14TestPartResultEE7destroyIS2_EEvPT_ called 0 returned 0% blocks executed 0%
    #####:  151:	destroy(_Up* __p)
        -:  152:	noexcept(noexcept( __p->~_Up()))
    #####:  153:	{ __p->~_Up(); }
    %%%%%:  153-block  0
call    0 never executed
------------------
_ZN9__gnu_cxx13new_allocatorISt10shared_ptrIN7testing8internal26ThreadLocalValueHolderBaseEEE7destroyIS5_EEvPT_:
function _ZN9__gnu_cxx13new_allocatorISt10shared_ptrIN7testing8internal26ThreadLocalValueHolderBaseEEE7destroyIS5_EEvPT_ called 0 returned 0% blocks executed 0%
    #####:  151:	destroy(_Up* __p)
        -:  152:	noexcept(noexcept( __p->~_Up()))
    #####:  153:	{ __p->~_Up(); }
    %%%%%:  153-block  0
call    0 never executed
------------------
_ZN9__gnu_cxx13new_allocatorIN7testing8internal9TraceInfoEE7destroyIS3_EEvPT_:
function _ZN9__gnu_cxx13new_allocatorIN7testing8internal9TraceInfoEE7destroyIS3_EEvPT_ called 0 returned 0% blocks executed 0%
    #####:  151:	destroy(_Up* __p)
        -:  152:	noexcept(noexcept( __p->~_Up()))
    #####:  153:	{ __p->~_Up(); }
    %%%%%:  153-block  0
call    0 never executed
------------------
        -:  154:#else
        -:  155:      // _GLIBCXX_RESOLVE_LIB_DEFECTS
        -:  156:      // 402. wrong new expression in [some_] allocator::construct
        -:  157:      void
        -:  158:      construct(pointer __p, const _Tp& __val)
        -:  159:      { ::new((void *)__p) _Tp(__val); }
        -:  160:
        -:  161:      void
        -:  162:      destroy(pointer __p) { __p->~_Tp(); }
        -:  163:#endif
        -:  164:
        -:  165:      template<typename _Up>
        -:  166:	friend bool
        -:  167:	operator==(const new_allocator&, const new_allocator<_Up>&)
        -:  168:	_GLIBCXX_NOTHROW
        -:  169:	{ return true; }
        -:  170:
        -:  171:      template<typename _Up>
        -:  172:	friend bool
        -:  173:	operator!=(const new_allocator&, const new_allocator<_Up>&)
        -:  174:	_GLIBCXX_NOTHROW
        -:  175:	{ return false; }
        -:  176:    };
        -:  177:
        -:  178:_GLIBCXX_END_NAMESPACE_VERSION
        -:  179:} // namespace
        -:  180:
        -:  181:#endif
