        -:    0:Source:C:/Users/polly/CLionProjects/formal_lang/tests/test.cpp
        -:    0:Graph:C:\Users\polly\CLionProjects\formal_lang\cmake-build-debug-coverage\CMakeFiles\unit_tests.dir\tests\test.cpp.gcno
        -:    0:Data:C:\Users\polly\CLionProjects\formal_lang\cmake-build-debug-coverage\CMakeFiles\unit_tests.dir\tests\test.cpp.gcda
        -:    0:Runs:1
        -:    1:#include "gtest/gtest.h"
        -:    2:#include "../src/RegEx.h"
        -:    3:
        4:    4:TEST(main_test, test1) {
        1:    5:    testing::internal::CaptureStdout();
        1:    6:    get_answer("acb..bab.c.*.ab.ba.+.+*a.", 'b', 2);
        1:    7:    std::string output = testing::internal::GetCapturedStdout();
       1*:    8:    ASSERT_EQ("4", output);
        -:    9:}
------------------
_ZN20main_test_test1_TestC1Ev:
function _ZN20main_test_test1_TestC1Ev called 1 returned 100% blocks executed 100%
        1:    4:TEST(main_test, test1) {
        1:    4-block  0
call    0 returned 1
------------------
_ZN20main_test_test1_TestD0Ev:
function _ZN20main_test_test1_TestD0Ev called 1 returned 100% blocks executed 100%
        1:    4:TEST(main_test, test1) {
        1:    4-block  0
call    0 returned 1
call    1 returned 1
------------------
_ZN20main_test_test1_TestD1Ev:
function _ZN20main_test_test1_TestD1Ev called 1 returned 100% blocks executed 100%
        1:    4:TEST(main_test, test1) {
        1:    4-block  0
call    0 returned 1
------------------
_ZN20main_test_test1_Test8TestBodyEv:
function _ZN20main_test_test1_Test8TestBodyEv called 1 returned 100% blocks executed 42%
        1:    4:TEST(main_test, test1) {
        1:    5:    testing::internal::CaptureStdout();
        1:    5-block  0
call    0 returned 1
branch  1 taken 1 (fallthrough)
branch  2 taken 0 (throw)
        1:    6:    get_answer("acb..bab.c.*.ab.ba.+.+*a.", 'b', 2);
        1:    6-block  0
call    0 returned 1
call    1 returned 1
branch  2 taken 1 (fallthrough)
branch  3 taken 0 (throw)
        1:    6-block  1
call    4 returned 1
branch  5 taken 1 (fallthrough)
branch  6 taken 0 (throw)
        1:    6-block  2
call    7 returned 1
call    8 returned 1
    $$$$$:    6-block  3
call    9 never executed
    $$$$$:    6-block  4
    $$$$$:    6-block  5
call   10 never executed
    $$$$$:    6-block  6
        1:    7:    std::string output = testing::internal::GetCapturedStdout();
call    0 returned 1
branch  1 taken 1 (fallthrough)
branch  2 taken 0 (throw)
    $$$$$:    7-block  0
call    3 never executed
       1*:    8:    ASSERT_EQ("4", output);
        1:    8-block  0
call    0 returned 1
branch  1 taken 1 (fallthrough)
branch  2 taken 0 (throw)
        1:    8-block  1
call    3 returned 1
branch  4 taken 0 (fallthrough)
branch  5 taken 1
    %%%%%:    8-block  2
call    6 never executed
branch  7 never executed
branch  8 never executed
    %%%%%:    8-block  3
call    9 never executed
call   10 never executed
branch 11 never executed
branch 12 never executed
    %%%%%:    8-block  4
call   13 never executed
branch 14 never executed
branch 15 never executed
    %%%%%:    8-block  5
call   16 never executed
call   17 never executed
    $$$$$:    8-block  6
call   18 never executed
    $$$$$:    8-block  7
    $$$$$:    8-block  8
call   19 never executed
    $$$$$:    8-block  9
    $$$$$:    8-block 10
call   20 never executed
        -:    9:}
------------------
        -:   10:
        4:   11:TEST(main_test, test2){
        1:   12:    testing::internal::CaptureStdout();
        1:   13:    get_answer("a*", 'b', 2);
        1:   14:    std::string output = testing::internal::GetCapturedStdout();
       1*:   15:    ASSERT_EQ("INF", output);
        -:   16:}
------------------
_ZN20main_test_test2_TestC1Ev:
function _ZN20main_test_test2_TestC1Ev called 1 returned 100% blocks executed 100%
        1:   11:TEST(main_test, test2){
        1:   11-block  0
call    0 returned 1
------------------
_ZN20main_test_test2_TestD0Ev:
function _ZN20main_test_test2_TestD0Ev called 1 returned 100% blocks executed 100%
        1:   11:TEST(main_test, test2){
        1:   11-block  0
call    0 returned 1
call    1 returned 1
------------------
_ZN20main_test_test2_TestD1Ev:
function _ZN20main_test_test2_TestD1Ev called 1 returned 100% blocks executed 100%
        1:   11:TEST(main_test, test2){
        1:   11-block  0
call    0 returned 1
------------------
_ZN20main_test_test2_Test8TestBodyEv:
function _ZN20main_test_test2_Test8TestBodyEv called 1 returned 100% blocks executed 42%
        1:   11:TEST(main_test, test2){
        1:   12:    testing::internal::CaptureStdout();
        1:   12-block  0
call    0 returned 1
branch  1 taken 1 (fallthrough)
branch  2 taken 0 (throw)
        1:   13:    get_answer("a*", 'b', 2);
        1:   13-block  0
call    0 returned 1
call    1 returned 1
branch  2 taken 1 (fallthrough)
branch  3 taken 0 (throw)
        1:   13-block  1
call    4 returned 1
branch  5 taken 1 (fallthrough)
branch  6 taken 0 (throw)
        1:   13-block  2
call    7 returned 1
call    8 returned 1
    $$$$$:   13-block  3
call    9 never executed
    $$$$$:   13-block  4
    $$$$$:   13-block  5
call   10 never executed
    $$$$$:   13-block  6
        1:   14:    std::string output = testing::internal::GetCapturedStdout();
call    0 returned 1
branch  1 taken 1 (fallthrough)
branch  2 taken 0 (throw)
    $$$$$:   14-block  0
call    3 never executed
       1*:   15:    ASSERT_EQ("INF", output);
        1:   15-block  0
call    0 returned 1
branch  1 taken 1 (fallthrough)
branch  2 taken 0 (throw)
        1:   15-block  1
call    3 returned 1
branch  4 taken 0 (fallthrough)
branch  5 taken 1
    %%%%%:   15-block  2
call    6 never executed
branch  7 never executed
branch  8 never executed
    %%%%%:   15-block  3
call    9 never executed
call   10 never executed
branch 11 never executed
branch 12 never executed
    %%%%%:   15-block  4
call   13 never executed
branch 14 never executed
branch 15 never executed
    %%%%%:   15-block  5
call   16 never executed
call   17 never executed
    $$$$$:   15-block  6
call   18 never executed
    $$$$$:   15-block  7
    $$$$$:   15-block  8
call   19 never executed
    $$$$$:   15-block  9
    $$$$$:   15-block 10
call   20 never executed
        -:   16:}
------------------
        -:   17:
        4:   18:TEST(main_test, test3){
        1:   19:    testing::internal::CaptureStdout();
        1:   20:    get_answer("a*", 'a', 3);
        1:   21:    std::string output = testing::internal::GetCapturedStdout();
       1*:   22:    ASSERT_EQ("3", output);
        -:   23:}
------------------
_ZN20main_test_test3_TestC1Ev:
function _ZN20main_test_test3_TestC1Ev called 1 returned 100% blocks executed 100%
        1:   18:TEST(main_test, test3){
        1:   18-block  0
call    0 returned 1
------------------
_ZN20main_test_test3_TestD0Ev:
function _ZN20main_test_test3_TestD0Ev called 1 returned 100% blocks executed 100%
        1:   18:TEST(main_test, test3){
        1:   18-block  0
call    0 returned 1
call    1 returned 1
------------------
_ZN20main_test_test3_TestD1Ev:
function _ZN20main_test_test3_TestD1Ev called 1 returned 100% blocks executed 100%
        1:   18:TEST(main_test, test3){
        1:   18-block  0
call    0 returned 1
------------------
_ZN20main_test_test3_Test8TestBodyEv:
function _ZN20main_test_test3_Test8TestBodyEv called 1 returned 100% blocks executed 42%
        1:   18:TEST(main_test, test3){
        1:   19:    testing::internal::CaptureStdout();
        1:   19-block  0
call    0 returned 1
branch  1 taken 1 (fallthrough)
branch  2 taken 0 (throw)
        1:   20:    get_answer("a*", 'a', 3);
        1:   20-block  0
call    0 returned 1
call    1 returned 1
branch  2 taken 1 (fallthrough)
branch  3 taken 0 (throw)
        1:   20-block  1
call    4 returned 1
branch  5 taken 1 (fallthrough)
branch  6 taken 0 (throw)
        1:   20-block  2
call    7 returned 1
call    8 returned 1
    $$$$$:   20-block  3
call    9 never executed
    $$$$$:   20-block  4
    $$$$$:   20-block  5
call   10 never executed
    $$$$$:   20-block  6
        1:   21:    std::string output = testing::internal::GetCapturedStdout();
call    0 returned 1
branch  1 taken 1 (fallthrough)
branch  2 taken 0 (throw)
    $$$$$:   21-block  0
call    3 never executed
       1*:   22:    ASSERT_EQ("3", output);
        1:   22-block  0
call    0 returned 1
branch  1 taken 1 (fallthrough)
branch  2 taken 0 (throw)
        1:   22-block  1
call    3 returned 1
branch  4 taken 0 (fallthrough)
branch  5 taken 1
    %%%%%:   22-block  2
call    6 never executed
branch  7 never executed
branch  8 never executed
    %%%%%:   22-block  3
call    9 never executed
call   10 never executed
branch 11 never executed
branch 12 never executed
    %%%%%:   22-block  4
call   13 never executed
branch 14 never executed
branch 15 never executed
    %%%%%:   22-block  5
call   16 never executed
call   17 never executed
    $$$$$:   22-block  6
call   18 never executed
    $$$$$:   22-block  7
    $$$$$:   22-block  8
call   19 never executed
    $$$$$:   22-block  9
    $$$$$:   22-block 10
call   20 never executed
        -:   23:}
------------------
        -:   24:
        4:   25:TEST(main_test, test4){
        1:   26:    testing::internal::CaptureStdout();
        1:   27:    get_answer("ab+c.aba.*.bac.+.+*", 'c', 4);
        1:   28:    std::string output = testing::internal::GetCapturedStdout();
       1*:   29:    ASSERT_EQ("INF", output);
        -:   30:}
------------------
_ZN20main_test_test4_TestC1Ev:
function _ZN20main_test_test4_TestC1Ev called 1 returned 100% blocks executed 100%
        1:   25:TEST(main_test, test4){
        1:   25-block  0
call    0 returned 1
------------------
_ZN20main_test_test4_TestD0Ev:
function _ZN20main_test_test4_TestD0Ev called 1 returned 100% blocks executed 100%
        1:   25:TEST(main_test, test4){
        1:   25-block  0
call    0 returned 1
call    1 returned 1
------------------
_ZN20main_test_test4_TestD1Ev:
function _ZN20main_test_test4_TestD1Ev called 1 returned 100% blocks executed 100%
        1:   25:TEST(main_test, test4){
        1:   25-block  0
call    0 returned 1
------------------
_ZN20main_test_test4_Test8TestBodyEv:
function _ZN20main_test_test4_Test8TestBodyEv called 1 returned 100% blocks executed 42%
        1:   25:TEST(main_test, test4){
        1:   26:    testing::internal::CaptureStdout();
        1:   26-block  0
call    0 returned 1
branch  1 taken 1 (fallthrough)
branch  2 taken 0 (throw)
        1:   27:    get_answer("ab+c.aba.*.bac.+.+*", 'c', 4);
        1:   27-block  0
call    0 returned 1
call    1 returned 1
branch  2 taken 1 (fallthrough)
branch  3 taken 0 (throw)
        1:   27-block  1
call    4 returned 1
branch  5 taken 1 (fallthrough)
branch  6 taken 0 (throw)
        1:   27-block  2
call    7 returned 1
call    8 returned 1
    $$$$$:   27-block  3
call    9 never executed
    $$$$$:   27-block  4
    $$$$$:   27-block  5
call   10 never executed
    $$$$$:   27-block  6
        1:   28:    std::string output = testing::internal::GetCapturedStdout();
call    0 returned 1
branch  1 taken 1 (fallthrough)
branch  2 taken 0 (throw)
    $$$$$:   28-block  0
call    3 never executed
       1*:   29:    ASSERT_EQ("INF", output);
        1:   29-block  0
call    0 returned 1
branch  1 taken 1 (fallthrough)
branch  2 taken 0 (throw)
        1:   29-block  1
call    3 returned 1
branch  4 taken 0 (fallthrough)
branch  5 taken 1
    %%%%%:   29-block  2
call    6 never executed
branch  7 never executed
branch  8 never executed
    %%%%%:   29-block  3
call    9 never executed
call   10 never executed
branch 11 never executed
branch 12 never executed
    %%%%%:   29-block  4
call   13 never executed
branch 14 never executed
branch 15 never executed
    %%%%%:   29-block  5
call   16 never executed
call   17 never executed
    $$$$$:   29-block  6
call   18 never executed
    $$$$$:   29-block  7
    $$$$$:   29-block  8
call   19 never executed
    $$$$$:   29-block  9
    $$$$$:   29-block 10
call   20 never executed
        -:   30:}
------------------
        -:   31:
        4:   32:TEST(main_test, test5){
        1:   33:    testing::internal::CaptureStdout();
        1:   34:    get_answer("1ab+c.aba.*.bac.+.+*+*", 'a', 2);
        1:   35:    std::string output = testing::internal::GetCapturedStdout();
       1*:   36:    ASSERT_EQ("3", output);
        -:   37:}
------------------
_ZN20main_test_test5_TestC1Ev:
function _ZN20main_test_test5_TestC1Ev called 1 returned 100% blocks executed 100%
        1:   32:TEST(main_test, test5){
        1:   32-block  0
call    0 returned 1
------------------
_ZN20main_test_test5_TestD0Ev:
function _ZN20main_test_test5_TestD0Ev called 1 returned 100% blocks executed 100%
        1:   32:TEST(main_test, test5){
        1:   32-block  0
call    0 returned 1
call    1 returned 1
------------------
_ZN20main_test_test5_TestD1Ev:
function _ZN20main_test_test5_TestD1Ev called 1 returned 100% blocks executed 100%
        1:   32:TEST(main_test, test5){
        1:   32-block  0
call    0 returned 1
------------------
_ZN20main_test_test5_Test8TestBodyEv:
function _ZN20main_test_test5_Test8TestBodyEv called 1 returned 100% blocks executed 42%
        1:   32:TEST(main_test, test5){
        1:   33:    testing::internal::CaptureStdout();
        1:   33-block  0
call    0 returned 1
branch  1 taken 1 (fallthrough)
branch  2 taken 0 (throw)
        1:   34:    get_answer("1ab+c.aba.*.bac.+.+*+*", 'a', 2);
        1:   34-block  0
call    0 returned 1
call    1 returned 1
branch  2 taken 1 (fallthrough)
branch  3 taken 0 (throw)
        1:   34-block  1
call    4 returned 1
branch  5 taken 1 (fallthrough)
branch  6 taken 0 (throw)
        1:   34-block  2
call    7 returned 1
call    8 returned 1
    $$$$$:   34-block  3
call    9 never executed
    $$$$$:   34-block  4
    $$$$$:   34-block  5
call   10 never executed
    $$$$$:   34-block  6
        1:   35:    std::string output = testing::internal::GetCapturedStdout();
call    0 returned 1
branch  1 taken 1 (fallthrough)
branch  2 taken 0 (throw)
    $$$$$:   35-block  0
call    3 never executed
       1*:   36:    ASSERT_EQ("3", output);
        1:   36-block  0
call    0 returned 1
branch  1 taken 1 (fallthrough)
branch  2 taken 0 (throw)
        1:   36-block  1
call    3 returned 1
branch  4 taken 0 (fallthrough)
branch  5 taken 1
    %%%%%:   36-block  2
call    6 never executed
branch  7 never executed
branch  8 never executed
    %%%%%:   36-block  3
call    9 never executed
call   10 never executed
branch 11 never executed
branch 12 never executed
    %%%%%:   36-block  4
call   13 never executed
branch 14 never executed
branch 15 never executed
    %%%%%:   36-block  5
call   16 never executed
call   17 never executed
    $$$$$:   36-block  6
call   18 never executed
    $$$$$:   36-block  7
    $$$$$:   36-block  8
call   19 never executed
    $$$$$:   36-block  9
    $$$$$:   36-block 10
call   20 never executed
        -:   37:}
------------------
        -:   38:
        -:   39:
        4:   40:TEST(main_test, test6){
        1:   41:    testing::internal::CaptureStdout();
        1:   42:    get_answer("aa.a.a.a.1+", 'a', 1);
        1:   43:    std::string output = testing::internal::GetCapturedStdout();
       1*:   44:    ASSERT_EQ("5", output);
        -:   45:}
------------------
_ZN20main_test_test6_TestC1Ev:
function _ZN20main_test_test6_TestC1Ev called 1 returned 100% blocks executed 100%
        1:   40:TEST(main_test, test6){
        1:   40-block  0
call    0 returned 1
------------------
_ZN20main_test_test6_TestD0Ev:
function _ZN20main_test_test6_TestD0Ev called 1 returned 100% blocks executed 100%
        1:   40:TEST(main_test, test6){
        1:   40-block  0
call    0 returned 1
call    1 returned 1
------------------
_ZN20main_test_test6_TestD1Ev:
function _ZN20main_test_test6_TestD1Ev called 1 returned 100% blocks executed 100%
        1:   40:TEST(main_test, test6){
        1:   40-block  0
call    0 returned 1
------------------
_ZN20main_test_test6_Test8TestBodyEv:
function _ZN20main_test_test6_Test8TestBodyEv called 1 returned 100% blocks executed 42%
        1:   40:TEST(main_test, test6){
        1:   41:    testing::internal::CaptureStdout();
        1:   41-block  0
call    0 returned 1
branch  1 taken 1 (fallthrough)
branch  2 taken 0 (throw)
        1:   42:    get_answer("aa.a.a.a.1+", 'a', 1);
        1:   42-block  0
call    0 returned 1
call    1 returned 1
branch  2 taken 1 (fallthrough)
branch  3 taken 0 (throw)
        1:   42-block  1
call    4 returned 1
branch  5 taken 1 (fallthrough)
branch  6 taken 0 (throw)
        1:   42-block  2
call    7 returned 1
call    8 returned 1
    $$$$$:   42-block  3
call    9 never executed
    $$$$$:   42-block  4
    $$$$$:   42-block  5
call   10 never executed
    $$$$$:   42-block  6
        1:   43:    std::string output = testing::internal::GetCapturedStdout();
call    0 returned 1
branch  1 taken 1 (fallthrough)
branch  2 taken 0 (throw)
    $$$$$:   43-block  0
call    3 never executed
       1*:   44:    ASSERT_EQ("5", output);
        1:   44-block  0
call    0 returned 1
branch  1 taken 1 (fallthrough)
branch  2 taken 0 (throw)
        1:   44-block  1
call    3 returned 1
branch  4 taken 0 (fallthrough)
branch  5 taken 1
    %%%%%:   44-block  2
call    6 never executed
branch  7 never executed
branch  8 never executed
    %%%%%:   44-block  3
call    9 never executed
call   10 never executed
branch 11 never executed
branch 12 never executed
    %%%%%:   44-block  4
call   13 never executed
branch 14 never executed
branch 15 never executed
    %%%%%:   44-block  5
call   16 never executed
call   17 never executed
    $$$$$:   44-block  6
call   18 never executed
    $$$$$:   44-block  7
    $$$$$:   44-block  8
call   19 never executed
    $$$$$:   44-block  9
    $$$$$:   44-block 10
call   20 never executed
        -:   45:}
------------------
        -:   46:
        4:   47:TEST(main_test, test7){
        1:   48:    testing::internal::CaptureStdout();
        1:   49:    get_answer("1b.c+*", 'b', 3);
        1:   50:    std::string output = testing::internal::GetCapturedStdout();
       1*:   51:    ASSERT_EQ("3", output);
        -:   52:}
------------------
_ZN20main_test_test7_TestC1Ev:
function _ZN20main_test_test7_TestC1Ev called 1 returned 100% blocks executed 100%
        1:   47:TEST(main_test, test7){
        1:   47-block  0
call    0 returned 1
------------------
_ZN20main_test_test7_TestD0Ev:
function _ZN20main_test_test7_TestD0Ev called 1 returned 100% blocks executed 100%
        1:   47:TEST(main_test, test7){
        1:   47-block  0
call    0 returned 1
call    1 returned 1
------------------
_ZN20main_test_test7_TestD1Ev:
function _ZN20main_test_test7_TestD1Ev called 1 returned 100% blocks executed 100%
        1:   47:TEST(main_test, test7){
        1:   47-block  0
call    0 returned 1
------------------
_ZN20main_test_test7_Test8TestBodyEv:
function _ZN20main_test_test7_Test8TestBodyEv called 1 returned 100% blocks executed 42%
        1:   47:TEST(main_test, test7){
        1:   48:    testing::internal::CaptureStdout();
        1:   48-block  0
call    0 returned 1
branch  1 taken 1 (fallthrough)
branch  2 taken 0 (throw)
        1:   49:    get_answer("1b.c+*", 'b', 3);
        1:   49-block  0
call    0 returned 1
call    1 returned 1
branch  2 taken 1 (fallthrough)
branch  3 taken 0 (throw)
        1:   49-block  1
call    4 returned 1
branch  5 taken 1 (fallthrough)
branch  6 taken 0 (throw)
        1:   49-block  2
call    7 returned 1
call    8 returned 1
    $$$$$:   49-block  3
call    9 never executed
    $$$$$:   49-block  4
    $$$$$:   49-block  5
call   10 never executed
    $$$$$:   49-block  6
        1:   50:    std::string output = testing::internal::GetCapturedStdout();
call    0 returned 1
branch  1 taken 1 (fallthrough)
branch  2 taken 0 (throw)
    $$$$$:   50-block  0
call    3 never executed
       1*:   51:    ASSERT_EQ("3", output);
        1:   51-block  0
call    0 returned 1
branch  1 taken 1 (fallthrough)
branch  2 taken 0 (throw)
        1:   51-block  1
call    3 returned 1
branch  4 taken 0 (fallthrough)
branch  5 taken 1
    %%%%%:   51-block  2
call    6 never executed
branch  7 never executed
branch  8 never executed
    %%%%%:   51-block  3
call    9 never executed
call   10 never executed
branch 11 never executed
branch 12 never executed
    %%%%%:   51-block  4
call   13 never executed
branch 14 never executed
branch 15 never executed
    %%%%%:   51-block  5
call   16 never executed
call   17 never executed
    $$$$$:   51-block  6
call   18 never executed
    $$$$$:   51-block  7
    $$$$$:   51-block  8
call   19 never executed
    $$$$$:   51-block  9
    $$$$$:   51-block 10
call   20 never executed
        -:   52:}
------------------
        -:   53:
        4:   54:TEST(main_test, test8){
        1:   55:    testing::internal::CaptureStdout();
        1:   56:    get_answer("abcd..+*1.", 'e', 3);
        1:   57:    std::string output = testing::internal::GetCapturedStdout();
       1*:   58:    ASSERT_EQ("INF", output);
        -:   59:}
------------------
_ZN20main_test_test8_TestC1Ev:
function _ZN20main_test_test8_TestC1Ev called 1 returned 100% blocks executed 100%
        1:   54:TEST(main_test, test8){
        1:   54-block  0
call    0 returned 1
------------------
_ZN20main_test_test8_TestD0Ev:
function _ZN20main_test_test8_TestD0Ev called 1 returned 100% blocks executed 100%
        1:   54:TEST(main_test, test8){
        1:   54-block  0
call    0 returned 1
call    1 returned 1
------------------
_ZN20main_test_test8_TestD1Ev:
function _ZN20main_test_test8_TestD1Ev called 1 returned 100% blocks executed 100%
        1:   54:TEST(main_test, test8){
        1:   54-block  0
call    0 returned 1
------------------
_ZN20main_test_test8_Test8TestBodyEv:
function _ZN20main_test_test8_Test8TestBodyEv called 1 returned 100% blocks executed 42%
        1:   54:TEST(main_test, test8){
        1:   55:    testing::internal::CaptureStdout();
        1:   55-block  0
call    0 returned 1
branch  1 taken 1 (fallthrough)
branch  2 taken 0 (throw)
        1:   56:    get_answer("abcd..+*1.", 'e', 3);
        1:   56-block  0
call    0 returned 1
call    1 returned 1
branch  2 taken 1 (fallthrough)
branch  3 taken 0 (throw)
        1:   56-block  1
call    4 returned 1
branch  5 taken 1 (fallthrough)
branch  6 taken 0 (throw)
        1:   56-block  2
call    7 returned 1
call    8 returned 1
    $$$$$:   56-block  3
call    9 never executed
    $$$$$:   56-block  4
    $$$$$:   56-block  5
call   10 never executed
    $$$$$:   56-block  6
        1:   57:    std::string output = testing::internal::GetCapturedStdout();
call    0 returned 1
branch  1 taken 1 (fallthrough)
branch  2 taken 0 (throw)
    $$$$$:   57-block  0
call    3 never executed
       1*:   58:    ASSERT_EQ("INF", output);
        1:   58-block  0
call    0 returned 1
branch  1 taken 1 (fallthrough)
branch  2 taken 0 (throw)
        1:   58-block  1
call    3 returned 1
branch  4 taken 0 (fallthrough)
branch  5 taken 1
    %%%%%:   58-block  2
call    6 never executed
branch  7 never executed
branch  8 never executed
    %%%%%:   58-block  3
call    9 never executed
call   10 never executed
branch 11 never executed
branch 12 never executed
    %%%%%:   58-block  4
call   13 never executed
branch 14 never executed
branch 15 never executed
    %%%%%:   58-block  5
call   16 never executed
call   17 never executed
    $$$$$:   58-block  6
call   18 never executed
    $$$$$:   58-block  7
    $$$$$:   58-block  8
call   19 never executed
    $$$$$:   58-block  9
    $$$$$:   58-block 10
call   20 never executed
        -:   59:}
------------------
        -:   60:
        4:   61:TEST(main_test, test9){
        1:   62:    testing::internal::CaptureStdout();
        1:   63:    get_answer("aaa.ab.bc.1+++ccb.a.+ab.c.a.+a+1+.bc.+*bb+*+.", 'a', 3);
        1:   64:    std::string output = testing::internal::GetCapturedStdout();
       1*:   65:    ASSERT_EQ("3", output);
        -:   66:}
